A matrix is :
   1.0000   3.0000   5.0000  -2.0000   2.0000
   4.0000   2.0000  -2.0000   1.0000   1.0000
   2.0000   4.0000   4.0000  -2.0000   5.0000
   3.0000   1.0000   2.0000  -1.0000  -2.0000
  -1.0000        0        0        0        0
        0  -1.0000        0        0        0
        0        0  -1.0000        0        0
        0        0        0  -1.0000        0
        0        0        0        0  -1.0000

rhs is: 
   4.0000
   3.0000
   5.0000
   1.0000
        0
        0
        0
        0
        0

Costs vector is:
  -7.0000
  -6.0000
  -5.0000
   2.0000
  -3.0000

Epsilon is 0.001
Known optimal solution:
   0.6610
        0
   1.5424
   2.8136
   0.6271

Optimal point found is:
   0.6596
   0.0013
   1.5395
   2.8091
   0.6255
Optimal objective: -8.58131

Known solution check:
Objective at the point found: -8.58131
Objective at the known opt point: -8.5931
FAILED
