Entering verbose mode...
A matrix is:
  -1.0000        0
   1.0000  -1.0000
  -1.0000   1.0000

rhs is:
  -1.0000
        0
        0

Costs vector is:
   1.0000
   1.0000

Epsilon is 0.01
Known optimal solution:
   1.0000
   1.0000

Checking for unboundedness...
STEP #: 0
Ellipse:
center:
0.00000000000000e+00
0.00000000000000e+00
shape:
1.00000000000000e+06,0.00000000000000e+00
0.00000000000000e+00,1.00000000000000e+06
infeasible
VIOLATED CONSTRAINTS: 1
wt:
-1.00000000000000e+00
0.00000000000000e+00
STEP #: 1
Ellipse:
center:
3.33333333333333e+02
0.00000000000000e+00
shape:
4.58441840277778e+05,0.00000000000000e+00
0.00000000000000e+00,1.37532552083333e+06
infeasible
VIOLATED CONSTRAINTS: 1
wt:
1.00000000000000e+00
-1.00000000000000e+00
STEP #: 2
Ellipse:
center:
2.20486111111111e+02
3.38541666666667e+02
shape:
5.67658246768617e+05,3.39638315288280e+05
3.39638315288280e+05,9.03524199652312e+05
infeasible
VIOLATED CONSTRAINTS: 1
wt:
-1.00000000000000e+00
1.00000000000000e+00
STEP #: 3
Ellipse:
center:
2.96893084490741e+02
1.09320746527778e+02
shape:
8.18976928433340e+05,5.84092208936042e+05
5.84092208936042e+05,7.22626701558829e+05
infeasible
VIOLATED CONSTRAINTS: 1
wt:
1.00000000000000e+00
-1.00000000000000e+00
STEP #: 4
Ellipse:
center:
2.45159196264950e+02
2.64522411205151e+02
shape:
1.19716089459057e+06,8.26195242465301e+05
8.26195242465301e+05,7.02191044149310e+05
infeasible
VIOLATED CONSTRAINTS: 1
wt:
-1.00000000000000e+00
1.00000000000000e+00
STEP #: 5
Ellipse:
center:
2.80187349751162e+02
1.59437950746513e+02
shape:
1.72123497304980e+06,1.12235912473852e+06
1.12235912473852e+06,7.89743105281672e+05
infeasible
VIOLATED CONSTRAINTS: 1
wt:
1.00000000000000e+00
-1.00000000000000e+00
STEP #: 6
Ellipse:
center:
2.56470370828206e+02
2.30588887515382e+02
shape:
2.43510732573869e+06,1.51783592901077e+06
1.51783592901077e+06,9.71888076549777e+05
infeasible
VIOLATED CONSTRAINTS: 1
wt:
1.00000000000000e+00
-1.00000000000000e+00
STEP #: 7
Ellipse:
center:
2.40411999682454e+02
2.78764000952637e+02
shape:
3.40683473639091e+06,2.06030810039884e+06
2.06030810039884e+06,1.25761357227172e+06
infeasible
VIOLATED CONSTRAINTS: 1
wt:
-1.00000000000000e+00
1.00000000000000e+00
STEP #: 8
Ellipse:
center:
2.51284855145724e+02
2.46145434562829e+02
shape:
4.73316366135716e+06,2.80889571968187e+06
2.80889571968187e+06,1.67221576285104e+06
infeasible
VIOLATED CONSTRAINTS: 1
wt:
1.00000000000000e+00
-1.00000000000000e+00
STEP #: 9
Ellipse:
center:
2.43923025925801e+02
2.68230922222595e+02
shape:
6.54830096503274e+06,3.84211653288195e+06
3.84211653288195e+06,2.25670855549483e+06
infeasible
VIOLATED CONSTRAINTS: 1
wt:
-1.00000000000000e+00
1.00000000000000e+00
STEP #: 10
Ellipse:
center:
2.48907597793456e+02
2.53277206619627e+02
shape:
9.03711857337724e+06,5.26681270096137e+06
5.26681270096137e+06,3.07058545468414e+06
infeasible
VIOLATED CONSTRAINTS: 1
wt:
-1.00000000000000e+00
1.00000000000000e+00
STEP #: 11
Ellipse:
center:
2.52282568328843e+02
2.43152295013448e+02
shape:
1.24538252846084e+07,7.22950871409027e+06
7.22950871409027e+06,4.19726913125720e+06
infeasible
VIOLATED CONSTRAINTS: 1
wt:
1.00000000000000e+00
-1.00000000000000e+00
STEP #: 12
Ellipse:
center:
2.49997432028836e+02
2.50007703913460e+02
shape:
1.71478710218355e+07,9.93161649289217e+06
9.93161649289217e+06,5.75237317366820e+06
infeasible
VIOLATED CONSTRAINTS: 1
wt:
-1.00000000000000e+00
1.00000000000000e+00
STEP #: 13
Ellipse:
center:
2.51544659731960e+02
2.45366020804071e+02
shape:
2.35996686571459e+07,1.36501612949585e+07
1.36501612949585e+07,7.89542407362043e+06
infeasible
VIOLATED CONSTRAINTS: 1
wt:
1.00000000000000e+00
-1.00000000000000e+00
STEP #: 14
Ellipse:
center:
2.50497057641317e+02
2.48508827076067e+02
shape:
3.24697604901598e+07,1.87662048835117e+07
1.87662048835117e+07,1.08461537607540e+07
infeasible
VIOLATED CONSTRAINTS: 1
wt:
1.00000000000000e+00
-1.00000000000000e+00
STEP #: 15
Ellipse:
center:
2.49787743725812e+02
2.50636768822765e+02
shape:
4.46664503330481e+07,2.58039020382997e+07
2.58039020382997e+07,1.49069904767212e+07
infeasible
VIOLATED CONSTRAINTS: 1
wt:
-1.00000000000000e+00
1.00000000000000e+00
STEP #: 16
Ellipse:
center:
2.50268008356028e+02
2.49195974931698e+02
shape:
6.14388212952762e+07,3.54842023783420e+07
3.54842023783420e+07,2.04940331807841e+07
infeasible
VIOLATED CONSTRAINTS: 1
wt:
1.00000000000000e+00
-1.00000000000000e+00
STEP #: 17
Ellipse:
center:
2.49942829179226e+02
2.50171512462015e+02
shape:
8.45046631551946e+07,4.87987034182722e+07
4.87987034182722e+07,2.81796738747160e+07
infeasible
VIOLATED CONSTRAINTS: 1
wt:
-1.00000000000000e+00
1.00000000000000e+00
STEP #: 18
Ellipse:
center:
2.50163002580171e+02
2.49510992259181e+02
shape:
1.16226410579643e+08,6.71112219600732e+07
6.71112219600732e+07,3.87512299355343e+07
infeasible
VIOLATED CONSTRAINTS: 1
wt:
1.00000000000000e+00
-1.00000000000000e+00
STEP #: 19
Ellipse:
center:
2.50013926840718e+02
2.49958219480620e+02
shape:
1.59853111849090e+08,9.22974886800139e+07
9.22974886800139e+07,5.32915904760877e+07
infeasible
VIOLATED CONSTRAINTS: 1
wt:
1.00000000000000e+00
-1.00000000000000e+00
STEP #: 20
Ellipse:
center:
2.49912990145885e+02
2.50261029582224e+02
shape:
2.19853211409397e+08,1.26937274954854e+08
1.26937274954854e+08,7.32901364881170e+07
infeasible
VIOLATED CONSTRAINTS: 1
wt:
-1.00000000000000e+00
1.00000000000000e+00
STEP #: 21
Ellipse:
center:
2.49981332703329e+02
2.50056001912913e+02
shape:
3.02372231495530e+08,1.74578631099335e+08
1.74578631099335e+08,1.00795295745021e+08
infeasible
VIOLATED CONSTRAINTS: 1
wt:
-1.00000000000000e+00
1.00000000000000e+00
STEP #: 22
Ellipse:
center:
2.50027606305743e+02
2.49917181090962e+02
shape:
4.15862231122572e+08,2.40101301125920e+08
2.40101301125920e+08,1.38624358085931e+08
infeasible
VIOLATED CONSTRAINTS: 1
wt:
1.00000000000000e+00
-1.00000000000000e+00
STEP #: 23
Ellipse:
center:
2.49996275254342e+02
2.50011174389391e+02
shape:
5.71947515296723e+08,3.30216537326055e+08
3.30216537326055e+08,1.90652041720556e+08
infeasible
VIOLATED CONSTRAINTS: 1
wt:
-1.00000000000000e+00
1.00000000000000e+00
STEP #: 24
Ellipse:
center:
2.50017488980322e+02
2.49947533086840e+02
shape:
7.86615265534631e+08,4.54154508833216e+08
4.54154508833216e+08,2.62207367370292e+08
infeasible
VIOLATED CONSTRAINTS: 1
wt:
1.00000000000000e+00
-1.00000000000000e+00
STEP #: 25
Ellipse:
center:
2.50003125572676e+02
2.49990623604762e+02
shape:
1.08185304325822e+09,6.24609712812261e+08
6.24609712812261e+08,3.60619490586503e+08
infeasible
VIOLATED CONSTRAINTS: 1
wt:
1.00000000000000e+00
-1.00000000000000e+00
STEP #: 26
Ellipse:
center:
2.49993400207875e+02
2.50019799335398e+02
shape:
1.48790088905065e+09,8.59041223141101e+08
8.59041223141101e+08,4.95968399839320e+08
infeasible
VIOLATED CONSTRAINTS: 1
wt:
-1.00000000000000e+00
1.00000000000000e+00
STEP #: 27
Ellipse:
center:
2.49999984990271e+02
2.50000044834424e+02
shape:
2.04634869158722e+09,1.18146095597963e+09
1.18146095597963e+09,6.82117371417059e+08
infeasible
VIOLATED CONSTRAINTS: 1
wt:
-1.00000000000000e+00
1.00000000000000e+00
STEP #: 28
Ellipse:
center:
2.50004443203733e+02
2.49986669158106e+02
shape:
2.81439607748377e+09,1.62489311744186e+09
1.62489311744186e+09,9.38132931692022e+08
infeasible
VIOLATED CONSTRAINTS: 1
wt:
1.00000000000000e+00
-1.00000000000000e+00
STEP #: 29
Ellipse:
center:
2.50001425837969e+02
2.49995726821881e+02
shape:
3.87071114622954e+09,2.23475674491436e+09
2.23475674491436e+09,1.29023776775659e+09
infeasible
VIOLATED CONSTRAINTS: 1
wt:
1.00000000000000e+00
-1.00000000000000e+00
STEP #: 30
Ellipse:
center:
2.49999384406106e+02
2.50001861191271e+02
shape:
5.32348813717856e+09,3.07351780285013e+09
3.07351780285013e+09,1.77449661594331e+09
infeasible
VIOLATED CONSTRAINTS: 1
wt:
-1.00000000000000e+00
1.00000000000000e+00
STEP #: 31
Ellipse:
center:
2.50000766419188e+02
2.49997707505589e+02
shape:
7.32152934427838e+09,4.22708732902551e+09
4.22708732902551e+09,2.44051023317585e+09
infeasible
VIOLATED CONSTRAINTS: 1
wt:
1.00000000000000e+00
-1.00000000000000e+00
STEP #: 32
Ellipse:
center:
2.49999838595376e+02
2.50000527811149e+02
shape:
1.00694863583918e+10,5.81362096711728e+09
5.81362096711728e+09,3.35649580786602e+09
infeasible
VIOLATED CONSTRAINTS: 1
wt:
-1.00000000000000e+00
1.00000000000000e+00
STEP #: 33
Ellipse:
center:
2.50000449091712e+02
2.49998600511554e+02
shape:
1.38488217333152e+10,7.99562119045706e+09
7.99562119045706e+09,4.61627418219226e+09
infeasible
VIOLATED CONSTRAINTS: 1
wt:
1.00000000000000e+00
-1.00000000000000e+00
STEP #: 34
Ellipse:
center:
2.50000072900512e+02
2.49999942619679e+02
shape:
1.90466381034644e+10,1.09965817972273e+10
1.09965817972273e+10,6.34887955376836e+09
infeasible
VIOLATED CONSTRAINTS: 1
wt:
1.00000000000000e+00
-1.00000000000000e+00
STEP #: 35
Ellipse:
center:
2.49999759885087e+02
2.50000793036086e+02
shape:
2.61953275612247e+10,1.51238795348573e+10
1.51238795348573e+10,8.73177598754114e+09
infeasible
VIOLATED CONSTRAINTS: 1
wt:
-1.00000000000000e+00
1.00000000000000e+00
STEP #: 36
Ellipse:
center:
2.50000082609689e+02
2.50000328020379e+02
shape:
3.60271025499387e+10,2.08002574819029e+10
2.08002574819029e+10,1.20090343294674e+10
infeasible
VIOLATED CONSTRAINTS: 1
wt:
-1.00000000000000e+00
1.00000000000000e+00
STEP #: 37
Ellipse:
center:
2.49999768209776e+02
2.49999480254638e+02
shape:
4.95489938506143e+10,2.86071247977240e+10
2.86071247977240e+10,1.65163311218762e+10
infeasible
VIOLATED CONSTRAINTS: 1
wt:
1.00000000000000e+00
-1.00000000000000e+00
STEP #: 38
Ellipse:
center:
2.49999823847841e+02
2.49999897025824e+02
shape:
6.81459959040303e+10,3.93441087371109e+10
3.93441087371109e+10,2.27153315727836e+10
infeasible
VIOLATED CONSTRAINTS: 1
wt:
-1.00000000000000e+00
1.00000000000000e+00
STEP #: 39
Ellipse:
center:
2.49997441742576e+02
2.49997270403346e+02
shape:
9.37229289216947e+10,5.41109559097410e+10
5.41109559097410e+10,3.12409736139624e+10
infeasible
VIOLATED CONSTRAINTS: 1
wt:
1.00000000000000e+00
-1.00000000000000e+00
STEP #: 40
Ellipse:
center:
2.49998235481297e+02
2.49998229700595e+02
shape:
1.28899536695024e+11,7.44201782372819e+10
7.44201782372819e+10,4.29665076451948e+10
infeasible
VIOLATED CONSTRAINTS: 1
wt:
1.00000000000000e+00
-1.00000000000000e+00
STEP #: 41
Ellipse:
center:
2.50003121183365e+02
2.50003227499570e+02
shape:
1.77278826815770e+11,1.02351967868496e+11
1.02351967868496e+11,5.90929301300054e+10
infeasible
VIOLATED CONSTRAINTS: 1
wt:
-1.00000000000000e+00
1.00000000000000e+00
STEP #: 42
Ellipse:
center:
2.50006888527600e+02
2.50006918944861e+02
shape:
2.43816090950642e+11,1.40767275752833e+11
1.40767275752833e+11,8.12720187810967e+10
infeasible
VIOLATED CONSTRAINTS: 1
wt:
-1.00000000000000e+00
1.00000000000000e+00
STEP #: 43
Ellipse:
center:
2.50004470084855e+02
2.50004449112200e+02
shape:
3.35326495250556e+11,1.93600825122677e+11
1.93600825122677e+11,1.11775478582971e+11
infeasible
VIOLATED CONSTRAINTS: 1
wt:
1.00000000000000e+00
-1.00000000000000e+00
STEP #: 44
Ellipse:
center:
2.50061259921249e+02
2.50061273743831e+02
shape:
4.61183167855609e+11,2.66264108807465e+11
2.66264108807465e+11,1.53727587172544e+11
infeasible
VIOLATED CONSTRAINTS: 1
wt:
-1.00000000000000e+00
1.00000000000000e+00
STEP #: 45
Ellipse:
center:
2.49905506150138e+02
2.49905496413460e+02
shape:
6.34277241403958e+11,3.66199673508933e+11
3.66199673508933e+11,2.11425213020755e+11
infeasible
VIOLATED CONSTRAINTS: 1
wt:
1.00000000000000e+00
-1.00000000000000e+00
STEP #: 46
Ellipse:
center:
2.49770403554106e+02
2.49770409769045e+02
shape:
8.72337412048296e+11,5.03643909890860e+11
5.03643909890860e+11,2.90778756553100e+11
infeasible
VIOLATED CONSTRAINTS: 1
wt:
-1.00000000000000e+00
1.00000000000000e+00
STEP #: 47
Ellipse:
center:
2.50459255254511e+02
2.50459250668867e+02
shape:
1.19974631889041e+12,6.92675238745752e+11
6.92675238745752e+11,3.99917031473143e+11
infeasible
VIOLATED CONSTRAINTS: 1
wt:
1.00000000000000e+00
-1.00000000000000e+00
STEP #: 48
Ellipse:
center:
2.50147156775432e+02
2.50147159502672e+02
shape:
1.65004088784258e+12,9.52654420229550e+11
9.52654420229550e+11,5.50016942652566e+11
infeasible
VIOLATED CONSTRAINTS: 1
wt:
-1.00000000000000e+00
1.00000000000000e+00
STEP #: 49
Ellipse:
center:
2.49841149975892e+02
2.49841147751697e+02
shape:
2.26934431287207e+12,1.31020937699246e+12
1.31020937699246e+12,7.56451368715574e+11
infeasible
VIOLATED CONSTRAINTS: 1
wt:
1.00000000000000e+00
-1.00000000000000e+00
STEP #: 50
Ellipse:
center:
2.47541070453909e+02
2.47541071582278e+02
shape:
3.12107860390059e+12,1.80196932723381e+12
1.80196932723381e+12,1.04037541772687e+12
infeasible
VIOLATED CONSTRAINTS: 1
wt:
-1.00000000000000e+00
1.00000000000000e+00
STEP #: 51
Ellipse:
center:
2.46042269706458e+02
2.46042268564894e+02
shape:
4.29250558656247e+12,2.47829063336765e+12
2.47829063336765e+12,1.43084833311922e+12
infeasible
VIOLATED CONSTRAINTS: 1
wt:
1.00000000000000e+00
-1.00000000000000e+00
STEP #: 52
Ellipse:
center:
2.60901685471224e+02
2.60901685866557e+02
shape:
5.90366840263989e+12,3.40841251915228e+12
3.40841251915228e+12,1.96780630421573e+12
infeasible
VIOLATED CONSTRAINTS: 1
wt:
-1.00000000000000e+00
1.00000000000000e+00
STEP #: 53
Ellipse:
center:
2.16066598972791e+02
2.16066598327516e+02
shape:
8.11973444607263e+12,4.68752158662894e+12
4.68752158662894e+12,2.70610557168408e+12
infeasible
VIOLATED CONSTRAINTS: 1
wt:
1.00000000000000e+00
-1.00000000000000e+00
STEP #: 54
Ellipse:
center:
2.70190496119184e+02
2.70190496178420e+02
shape:
1.11676582874686e+13,6.44664841681062e+12
6.44664841681062e+12,3.72139572506451e+12
infeasible
VIOLATED CONSTRAINTS: 1
wt:
-1.00000000000000e+00
1.00000000000000e+00
STEP #: 55
Ellipse:
center:
1.73063856355534e+02
1.73063855937818e+02
shape:
1.53599656836843e+13,8.86577775009284e+12
8.86577775009284e+12,5.11733012512742e+12
infeasible
VIOLATED CONSTRAINTS: 1
wt:
1.00000000000000e+00
-1.00000000000000e+00
STEP #: 56
Ellipse:
center:
2.24145992096235e+02
2.24145992001441e+02
shape:
2.11254463962596e+13,1.21930452274083e+13
1.21930452274083e+13,7.03750108418758e+12
infeasible
VIOLATED CONSTRAINTS: 1
wt:
1.00000000000000e+00
-1.00000000000000e+00
STEP #: 57
Ellipse:
center:
1.33181251327891e+03
1.33181251340282e+03
shape:
2.90669002791284e+13,1.67621411157303e+13
1.67621411157303e+13,9.66629988356228e+12
infeasible
VIOLATED CONSTRAINTS: 1
wt:
-1.00000000000000e+00
1.00000000000000e+00
STEP #: 58
Ellipse:
center:
8.87719569664072e+02
8.87719569640010e+02
shape:
3.99823463694043e+13,2.30499842484923e+13
2.30499842484923e+13,1.32884090630136e+13
infeasible
VIOLATED CONSTRAINTS: 1
wt:
1.00000000000000e+00
-1.00000000000000e+00
STEP #: 59
Ellipse:
center:
1.68845059279141e+02
1.68845059355123e+02
shape:
5.49775360274945e+13,3.17077099321454e+13
3.17077099321454e+13,1.82870849038829e+13
infeasible
VIOLATED CONSTRAINTS: 1
wt:
-1.00000000000000e+00
1.00000000000000e+00
STEP #: 60
Ellipse:
center:
1.38867330097412e+02
1.38867330105825e+02
shape:
7.56125560908951e+13,4.36081057635410e+13
4.36081057635410e+13,2.51501468353768e+13
infeasible
VIOLATED CONSTRAINTS: 1
wt:
-1.00000000000000e+00
1.00000000000000e+00
STEP #: 61
Ellipse:
center:
2.61233127283969e+03
2.61233127280228e+03
shape:
1.03938788898067e+14,6.00059388394916e+13
6.00059388394916e+13,3.46426270132898e+13
infeasible
VIOLATED CONSTRAINTS: 1
wt:
1.00000000000000e+00
-1.00000000000000e+00
STEP #: 62
Ellipse:
center:
8.04451696389891e+03
8.04451696389258e+03
shape:
1.43085812184401e+14,8.24485160526138e+13
8.24485160526138e+13,4.75082588238554e+13
infeasible
VIOLATED CONSTRAINTS: 1
wt:
1.00000000000000e+00
-1.00000000000000e+00
STEP #: 63
Ellipse:
center:
3.14718667990670e+04
3.14718667990820e+04
shape:
1.97471605636919e+14,1.12987561500683e+14
1.12987561500683e+14,6.46482263244629e+13
infeasible
VIOLATED CONSTRAINTS: 1
wt:
-1.00000000000000e+00
1.00000000000000e+00
STEP #: 64
Ellipse:
center:
1.10510864199440e+05
1.10510864199440e+05
shape:
2.68776487745444e+14,1.56924941581276e+14
1.56924941581276e+14,9.16205040732928e+13
infeasible
VIOLATED CONSTRAINTS: 1
wt:
-1.00000000000000e+00
1.00000000000000e+00
STEP #: 65
Ellipse:
center:
1.39576794701627e+05
1.39576794701618e+05
shape:
3.68457920826624e+14,2.16482442921582e+14
2.16482442921582e+14,1.27191316685923e+14
infeasible
VIOLATED CONSTRAINTS: 1
wt:
1.00000000000000e+00
-1.00000000000000e+00
STEP #: 66
Ellipse:
center:
-2.88991767616232e+04
-2.88991767616259e+04
shape:
4.98267723277591e+14,3.01918083008043e+14
3.01918083008043e+14,1.82942873055552e+14
infeasible
VIOLATED CONSTRAINTS: 2
wt:
-1.00000000000000e+00
0.00000000000000e+00
STEP #: 67
Ellipse:
center:
6.12293251222492e+06
6.12293251222492e+06
shape:
2.28426772010397e+14,1.38411881587346e+14
1.38411881587346e+14,8.38686673892913e+13
infeasible
VIOLATED CONSTRAINTS: 1
wt:
1.00000000000000e+00
-1.00000000000000e+00
STEP #: 68
Ellipse:
center:
6.70367934239055e+06
6.70367934239055e+06
shape:
3.31446355754341e+14,1.75092072327809e+14
1.75092072327809e+14,9.24953111108246e+13
infeasible
VIOLATED CONSTRAINTS: 1
wt:
-1.00000000000000e+00
1.00000000000000e+00
STEP #: 69
Ellipse:
center:
6.37498944717202e+06
6.37498944717202e+06
shape:
4.67912684848199e+14,2.30311860683282e+14
2.30311860683282e+14,1.13362075637261e+14
infeasible
VIOLATED CONSTRAINTS: 1
wt:
1.00000000000000e+00
-1.00000000000000e+00
STEP #: 70
Ellipse:
center:
7.14346630102665e+06
7.14346630102665e+06
shape:
6.69721206268436e+14,2.83459596047917e+14
2.83459596047917e+14,1.19974314445470e+14
feasible
VIOLATED CONSTRAINTS: 0
optimality gap: 1.42869e+07
w=
   1.0000
   1.0000

H=
   6.6972e+14   2.8346e+14
   2.8346e+14   1.1997e+14

Criterion value: 7217.25; while eps/ERR_F =1e-05
wt:
1.00000000000000e+00
1.00000000000000e+00
STEP #: 71
Ellipse:
center:
5.19874120570889e+05
5.19874120570888e+05
shape:
3.07028222274755e+14,1.29949738856603e+14
1.29949738856603e+14,5.50012455004458e+13
infeasible
VIOLATED CONSTRAINTS: 1
wt:
1.00000000000000e+00
-1.00000000000000e+00
STEP #: 72
Ellipse:
center:
2.36359495235277e+05
2.36359495235277e+05
shape:
4.11376824837336e+14,1.87220034165618e+14
1.87220034165618e+14,8.52049485452544e+13
infeasible
VIOLATED CONSTRAINTS: 1
wt:
-1.00000000000000e+00
1.00000000000000e+00
STEP #: 73
Ellipse:
center:
2.07832180220993e+06
2.07832180220993e+06
shape:
4.42980860982272e+14,2.85485925018468e+14
2.85485925018468e+14,1.83985857093072e+14
infeasible
VIOLATED CONSTRAINTS: 1
wt:
1.00000000000000e+00
-1.00000000000000e+00
STEP #: 74
Ellipse:
center:
-2.88252972069906e+06
-2.88252972069906e+06
shape:
2.03080961116547e+14,2.26688545625124e+14
2.26688545625124e+14,2.53040444732496e+14
infeasible
VIOLATED CONSTRAINTS: 2
wt:
-1.00000000000000e+00
0.00000000000000e+00
STEP #: 75
Ellipse:
center:
2.15136321645451e+06
2.15136321645451e+06
shape:
9.31008095396497e+13,1.03923514026275e+14
1.03923514026275e+14,1.16004327147873e+14
infeasible
VIOLATED CONSTRAINTS: 1
wt:
1.00000000000000e+00
-1.00000000000000e+00
Running time [seconds, Wall Clock]: 0.00
Optimal objective (known): 2.00
Optimal objective (found): 14286932.602
Optimal point (found):
   7.1435e+06
   7.1435e+06
Objective value error: -14286930.602
SOLUTION CHECK: FAILED
