Entering verbose mode...
A matrix is:
        0   1.0000
        0  -1.0000
  -1.0000   1.0000
   1.0000   1.0000

rhs is:
   2.0000
  -1.0000
        0
   6.0000

Costs vector is:
  -1.0000
   0.5000

Epsilon is 0.01
Known optimal solution:
   5.0000
   1.0000

Checking for unboundedness...
STEP #: 0
Ellipse:
center:
0.00000000000000e+00
0.00000000000000e+00
shape:
1.00000000000000e+06,0.00000000000000e+00
0.00000000000000e+00,1.00000000000000e+06
infeasible
VIOLATED CONSTRAINTS: 1
wt:
0.00000000000000e+00
-1.00000000000000e+00
STEP #: 1
Ellipse:
center:
0.00000000000000e+00
3.33333333333333e+02
shape:
1.37532552083333e+06,0.00000000000000e+00
0.00000000000000e+00,4.58441840277778e+05
infeasible
VIOLATED CONSTRAINTS: 3
wt:
0.00000000000000e+00
1.00000000000000e+00
STEP #: 2
Ellipse:
center:
0.00000000000000e+00
1.07638888888889e+02
shape:
1.89152028825548e+06,0.00000000000000e+00
0.00000000000000e+00,2.10168920917276e+05
infeasible
VIOLATED CONSTRAINTS: 3
wt:
0.00000000000000e+00
1.00000000000000e+00
STEP #: 3
Ellipse:
center:
0.00000000000000e+00
-4.51750578703704e+01
shape:
2.60145612561179e+06,0.00000000000000e+00
0.00000000000000e+00,9.63502268745106e+04
infeasible
VIOLATED CONSTRAINTS: 1
wt:
0.00000000000000e+00
-1.00000000000000e+00
STEP #: 4
Ellipse:
center:
0.00000000000000e+00
5.82927185812114e+01
shape:
3.57784900088209e+06,0.00000000000000e+00
0.00000000000000e+00,4.41709753195320e+04
infeasible
VIOLATED CONSTRAINTS: 3
wt:
0.00000000000000e+00
1.00000000000000e+00
STEP #: 5
Ellipse:
center:
0.00000000000000e+00
-1.17635883912138e+01
shape:
4.92070704060119e+06,0.00000000000000e+00
0.00000000000000e+00,2.02498232123506e+04
infeasible
VIOLATED CONSTRAINTS: 1
wt:
0.00000000000000e+00
-1.00000000000000e+00
STEP #: 6
Ellipse:
center:
0.00000000000000e+00
3.56703694546991e+01
shape:
6.76757397348308e+06,0.00000000000000e+00
0.00000000000000e+00,9.28336621876966e+03
infeasible
VIOLATED CONSTRAINTS: 3
wt:
0.00000000000000e+00
1.00000000000000e+00
STEP #: 7
Ellipse:
center:
0.00000000000000e+00
3.55362716319556e+00
shape:
9.30761719985873e+06,0.00000000000000e+00
0.00000000000000e+00,4.25588349330532e+03
infeasible
VIOLATED CONSTRAINTS: 2
wt:
0.00000000000000e+00
1.00000000000000e+00
STEP #: 8
Ellipse:
center:
0.00000000000000e+00
-1.81920837633433e+01
shape:
1.28010034731130e+07,0.00000000000000e+00
0.00000000000000e+00,1.95107506067871e+03
infeasible
VIOLATED CONSTRAINTS: 1
wt:
0.00000000000000e+00
-1.00000000000000e+00
STEP #: 9
Ellipse:
center:
0.00000000000000e+00
-3.46842532349927e+00
shape:
1.76055467688484e+07,0.00000000000000e+00
0.00000000000000e+00,8.94454441337624e+02
infeasible
VIOLATED CONSTRAINTS: 1
wt:
0.00000000000000e+00
-1.00000000000000e+00
STEP #: 10
Ellipse:
center:
0.00000000000000e+00
6.50071841181178e+00
shape:
2.42133577794221e+07,0.00000000000000e+00
0.00000000000000e+00,4.10055340131452e+02
infeasible
VIOLATED CONSTRAINTS: 3
wt:
0.00000000000000e+00
1.00000000000000e+00
STEP #: 11
Ellipse:
center:
0.00000000000000e+00
-2.49222658971742e-01
shape:
3.33012488991076e+07,0.00000000000000e+00
0.00000000000000e+00,1.87986524745593e+02
infeasible
VIOLATED CONSTRAINTS: 1
wt:
0.00000000000000e+00
-1.00000000000000e+00
STEP #: 12
Ellipse:
center:
0.00000000000000e+00
4.32104994103793e+00
shape:
4.58000574865656e+07,0.00000000000000e+00
0.00000000000000e+00,8.61808883517936e+01
infeasible
VIOLATED CONSTRAINTS: 2
wt:
0.00000000000000e+00
1.00000000000000e+00
STEP #: 13
Ellipse:
center:
0.00000000000000e+00
1.22659453478138e+00
shape:
6.29899879169074e+07,0.00000000000000e+00
0.00000000000000e+00,3.95089250527699e+01
infeasible
VIOLATED CONSTRAINTS: 1
wt:
-1.00000000000000e+00
1.00000000000000e+00
STEP #: 14
Ellipse:
center:
2.64554023905236e+03
1.22493518454993e+00
shape:
2.88772724983029e+07,1.67420733167810e+04
1.67420733167810e+04,6.40440751807588e+01
infeasible
VIOLATED CONSTRAINTS: 1
wt:
1.00000000000000e+00
1.00000000000000e+00
STEP #: 15
Ellipse:
center:
8.54289035518869e+02
1.21931760953326e+00
shape:
1.32386018325895e+07,-5.61868293855364e+03
-5.61868293855364e+03,7.71162343257293e+01
infeasible
VIOLATED CONSTRAINTS: 1
wt:
1.00000000000000e+00
1.00000000000000e+00
STEP #: 16
Ellipse:
center:
-3.58537300206935e+02
1.21551404311572e+00
shape:
6.06917018706380e+06,-1.31319409241347e+04
-1.31319409241347e+04,1.31193288189503e+02
infeasible
VIOLATED CONSTRAINTS: 1
wt:
-1.00000000000000e+00
1.00000000000000e+00
STEP #: 17
Ellipse:
center:
4.62647198324517e+02
1.19027661849689e+00
shape:
2.78246680396892e+06,2.36169520384531e+03
2.36169520384531e+03,1.43354531189031e+02
infeasible
VIOLATED CONSTRAINTS: 1
wt:
1.00000000000000e+00
1.00000000000000e+00
STEP #: 18
Ellipse:
center:
-9.33631403564335e+01
1.15087362374509e+00
shape:
1.27570536730039e+06,-5.57319453356538e+03
-5.57319453356538e+03,2.18733757551145e+02
infeasible
VIOLATED CONSTRAINTS: 1
wt:
-1.00000000000000e+00
1.00000000000000e+00
STEP #: 19
Ellipse:
center:
2.83102202475689e+02
1.06282903554867e+00
shape:
5.85013325683806e+05,2.73040339850480e+03
2.73040339850480e+03,2.80006866299890e+02
infeasible
VIOLATED CONSTRAINTS: 1
wt:
1.00000000000000e+00
1.00000000000000e+00
STEP #: 20
Ellipse:
center:
2.82037413414684e+01
8.89551916656561e-01
shape:
2.68412988387559e+05,-2.94604115683619e+03
-2.94604115683619e+03,3.99610165697748e+02
infeasible
VIOLATED CONSTRAINTS: 2
wt:
0.00000000000000e+00
-1.00000000000000e+00
STEP #: 21
Ellipse:
center:
2.49863708274220e+01
7.27841757658802e+00
shape:
3.69110651742246e+05,-1.14243359097713e+03
-1.14243359097713e+03,1.71930541045799e+02
infeasible
VIOLATED CONSTRAINTS: 2
wt:
0.00000000000000e+00
1.00000000000000e+00
STEP #: 22
Ellipse:
center:
2.71647987796409e+01
2.95262311934276e+00
shape:
5.07611908131994e+05,7.37834970897719e+02
7.37834970897719e+02,7.82769852149670e+01
infeasible
VIOLATED CONSTRAINTS: 2
wt:
0.00000000000000e+00
1.00000000000000e+00
STEP #: 23
Ellipse:
center:
2.86397760389558e+01
2.36997889162853e-02
shape:
6.98103513543861e+05,2.84775631384194e+03
2.84775631384194e+03,4.70119844612901e+01
infeasible
VIOLATED CONSTRAINTS: 2
wt:
0.00000000000000e+00
-1.00000000000000e+00
STEP #: 24
Ellipse:
center:
2.76410935196280e+01
2.00682496055921e+00
shape:
9.60097268737332e+05,5.37184180781751e+03
5.37184180781751e+03,4.62830199473591e+01
infeasible
VIOLATED CONSTRAINTS: 2
wt:
0.00000000000000e+00
1.00000000000000e+00
STEP #: 25
Ellipse:
center:
2.83172848087562e+01
6.64083958925980e-01
shape:
1.32042856214434e+06,8.54345972056324e+03
8.54345972056324e+03,6.27172851058144e+01
infeasible
VIOLATED CONSTRAINTS: 2
wt:
0.00000000000000e+00
-1.00000000000000e+00
STEP #: 26
Ellipse:
center:
2.78594469567423e+01
1.57323151211515e+00
shape:
1.81600503459103e+06,1.26674519960771e+04
1.26674519960771e+04,9.17716630187064e+01
infeasible
VIOLATED CONSTRAINTS: 1
wt:
1.00000000000000e+00
1.00000000000000e+00
STEP #: 27
Ellipse:
center:
-4.21348496181915e+02
1.57281277114146e+00
shape:
8.32546630473545e+05,4.97215239824413e+03
4.97215239824413e+03,3.43852441419299e+01
infeasible
VIOLATED CONSTRAINTS: 1
wt:
-1.00000000000000e+00
1.00000000000000e+00
STEP #: 28
Ellipse:
center:
-1.17197284665672e+02
1.56966944712220e+00
shape:
3.81669436382747e+05,2.94256950870246e+03
2.94256950870246e+03,2.91374041735591e+01
infeasible
VIOLATED CONSTRAINTS: 1
wt:
-1.00000000000000e+00
1.00000000000000e+00
STEP #: 29
Ellipse:
center:
8.87384314651177e+01
1.56754115481750e+00
shape:
1.74969448876317e+05,1.87553122754645e+03
1.87553122754645e+03,2.89765680125386e+01
infeasible
VIOLATED CONSTRAINTS: 1
wt:
1.00000000000000e+00
1.00000000000000e+00
STEP #: 30
Ellipse:
center:
-5.06972102357322e+01
1.55484437175384e+00
shape:
8.02282338225651e+04,4.41729150496639e+02
4.41729150496639e+02,1.46322714062300e+01
infeasible
VIOLATED CONSTRAINTS: 1
wt:
-1.00000000000000e+00
1.00000000000000e+00
STEP #: 31
Ellipse:
center:
4.37123405839735e+01
1.53472953803740e+00
shape:
3.67845085481914e+04,5.34513064451519e+02
5.34513064451519e+02,2.45440854986977e+01
infeasible
VIOLATED CONSTRAINTS: 1
wt:
1.00000000000000e+00
1.00000000000000e+00
STEP #: 32
Ellipse:
center:
-2.02108069374749e+01
1.49006392418005e+00
shape:
1.68824709540374e+04,-1.86559773489540e+01
-1.86559773489540e+01,2.30687599177280e+01
infeasible
VIOLATED CONSTRAINTS: 1
wt:
-1.00000000000000e+00
1.00000000000000e+00
STEP #: 33
Ellipse:
center:
2.30705696246885e+01
1.40212998361472e+00
shape:
7.75551777488729e+03,2.00941096726516e+02
2.00941096726516e+02,3.68400385226376e+01
infeasible
VIOLATED CONSTRAINTS: 1
wt:
1.00000000000000e+00
1.00000000000000e+00
STEP #: 34
Ellipse:
center:
-6.23501656021850e+00
1.22292102360679e+00
shape:
3.58514475655274e+03,-7.45834890205193e+01
-7.45834890205193e+01,4.46980169582181e+01
infeasible
VIOLATED CONSTRAINTS: 1
wt:
-1.00000000000000e+00
1.00000000000000e+00
STEP #: 35
Ellipse:
center:
1.36101287247184e+01
8.66980399065850e-01
shape:
1.67734084269398e+03,9.87873711856607e+01
9.87873711856607e+01,6.39641119233949e+01
infeasible
VIOLATED CONSTRAINTS: 2
wt:
0.00000000000000e+00
-1.00000000000000e+00
STEP #: 36
Ellipse:
center:
1.48649725813600e+01
3.41534808055833e+00
shape:
2.30069222427394e+03,4.44063833045454e+01
4.44063833045454e+01,2.75854696753234e+01
infeasible
VIOLATED CONSTRAINTS: 2
wt:
0.00000000000000e+00
1.00000000000000e+00
STEP #: 37
Ellipse:
center:
1.40153387200922e+01
1.68989079621446e+00
shape:
3.15930589600828e+03,-1.07839596827129e+01
-1.07839596827129e+01,1.23091968593968e+01
infeasible
VIOLATED CONSTRAINTS: 1
wt:
1.00000000000000e+00
1.00000000000000e+00
STEP #: 38
Ellipse:
center:
-4.68449169497898e+00
1.58158906533523e+00
shape:
1.45607008347741e+03,-7.11226087812427e+01
-7.11226087812427e+01,2.02631559583155e+01
infeasible
VIOLATED CONSTRAINTS: 1
wt:
-1.00000000000000e+00
1.00000000000000e+00
STEP #: 39
Ellipse:
center:
7.97850415739590e+00
1.36428361290080e+00
shape:
6.83691552747814e+02,2.02592501145105e+01
2.02592501145105e+01,2.31447936802397e+01
infeasible
VIOLATED CONSTRAINTS: 1
wt:
1.00000000000000e+00
1.00000000000000e+00
STEP #: 40
Ellipse:
center:
-6.04330220637376e-01
9.46104085065240e-01
shape:
3.30042181216084e+02,-3.30955750442990e+01
-3.30955750442990e+01,3.27643258395398e+01
infeasible
VIOLATED CONSTRAINTS: 2
wt:
0.00000000000000e+00
-1.00000000000000e+00
STEP #: 41
Ellipse:
center:
-1.47537961162818e+00
2.76556341342933e+00
shape:
4.51207692073476e+02,-1.66002729460307e+01
-1.66002729460307e+01,1.41908444925732e+01
infeasible
VIOLATED CONSTRAINTS: 2
wt:
0.00000000000000e+00
1.00000000000000e+00
STEP #: 42
Ellipse:
center:
-8.85606586478155e-01
1.53363782651615e+00
shape:
6.18433345792598e+02,-4.09709971704985e-01
-4.09709971704985e-01,6.24734420216075e+00
infeasible
VIOLATED CONSTRAINTS: 1
wt:
-1.00000000000000e+00
1.00000000000000e+00
STEP #: 43
Ellipse:
center:
7.36257932386237e+00
1.41073460015362e+00
shape:
2.87644700731644e+02,2.07713221315025e+01
2.07713221315025e+01,9.96836185233762e+00
infeasible
VIOLATED CONSTRAINTS: 1
wt:
1.00000000000000e+00
1.00000000000000e+00
STEP #: 44
Ellipse:
center:
1.77322580073810e+00
1.16820480430312e+00
shape:
1.39649836405481e+02,-7.31847776333054e+00
-7.31847776333054e+00,1.13814002419730e+01
feasible
VIOLATED CONSTRAINTS: 0
optimality gap: 3.31088
w=
  -1.0000
   0.5000

H=
   1.3965e+02  -7.3185e+00
  -7.3185e+00   1.1381e+01

Criterion value: 3.61449; while eps/ERR_F =1e-05
wt:
-1.00000000000000e+00
5.00000000000000e-01
STEP #: 45
Ellipse:
center:
5.67834137721732e+00
8.68297298717499e-01
shape:
6.63168089062716e+01,3.76989959153237e+00
3.76989959153237e+00,1.48163991452140e+01
infeasible
VIOLATED CONSTRAINTS: 2
wt:
0.00000000000000e+00
-1.00000000000000e+00
STEP #: 46
Ellipse:
center:
5.87905652152425e+00
2.14388487261476e+00
shape:
9.10756359221236e+01,2.03934186972125e+00
2.03934186972125e+00,6.74954465792306e+00
infeasible
VIOLATED CONSTRAINTS: 2
wt:
0.00000000000000e+00
1.00000000000000e+00
STEP #: 47
Ellipse:
center:
5.74315564256643e+00
1.28020578612182e+00
shape:
1.25156404120898e+02,4.08437763378356e-01
4.08437763378356e-01,3.07718276137976e+00
infeasible
VIOLATED CONSTRAINTS: 1
wt:
1.00000000000000e+00
1.00000000000000e+00
STEP #: 48
Ellipse:
center:
2.05870913195223e+00
1.17574806064359e+00
shape:
5.94407529349325e+01,-6.57480305703849e+00
-6.57480305703849e+00,4.81066203928429e+00
feasible
VIOLATED CONSTRAINTS: 0
optimality gap: 3.02916
w=
  -1.0000
   0.5000

H=
   59.4408   -6.5748
   -6.5748    4.8107

Criterion value: 2.94677; while eps/ERR_F =1e-05
wt:
-1.00000000000000e+00
5.00000000000000e-01
STEP #: 49
Ellipse:
center:
4.62245818682554e+00
9.84342890201182e-01
shape:
2.84452175516138e+01,-1.17473552363279e-01
-1.17473552363279e-01,5.38056160551397e+00
infeasible
VIOLATED CONSTRAINTS: 1
wt:
0.00000000000000e+00
-1.00000000000000e+00
STEP #: 50
Ellipse:
center:
4.70819733989863e+00
1.75861313514569e+00
shape:
3.89979168647208e+01,-1.27392785163855e+00
-1.27392785163855e+00,2.51587890655539e+00
infeasible
VIOLATED CONSTRAINTS: 1
wt:
1.00000000000000e+00
1.00000000000000e+00
STEP #: 51
Ellipse:
center:
2.68757443008522e+00
1.61740544338322e+00
shape:
1.92164993508504e+01,-4.05568567159982e+00
-4.05568567159982e+00,4.02190346236345e+00
feasible
VIOLATED CONSTRAINTS: 0
optimality gap: 2.62113
w=
  -1.0000
   0.5000

H=
   19.2165   -4.0557
   -4.0557    4.0219

Criterion value: 2.30657; while eps/ERR_F =1e-05
wt:
-1.00000000000000e+00
5.00000000000000e-01
STEP #: 52
Ellipse:
center:
4.15324242538534e+00
1.36627491524963e+00
shape:
9.78971125969112e+00,-2.26444302666829e-01
-2.26444302666829e-01,3.92353232609098e+00
feasible
VIOLATED CONSTRAINTS: 0
optimality gap: 1.0299
w=
  -1.0000
   0.5000

H=
   9.7897  -0.2264
  -0.2264   3.9235

Criterion value: 1.89796; while eps/ERR_F =1e-05
wt:
-1.00000000000000e+00
5.00000000000000e-01
STEP #: 53
Ellipse:
center:
5.14562179720313e+00
1.19623862015918e+00
shape:
5.51590024252830e+00,1.81058871310444e+00
1.81058871310444e+00,4.97902813076280e+00
infeasible
VIOLATED CONSTRAINTS: 1
wt:
1.00000000000000e+00
1.00000000000000e+00
STEP #: 54
Ellipse:
center:
4.51168830242395e+00
5.76185845406729e-01
shape:
3.93017187345831e+00,-7.28203438695158e-01
-7.28203438695158e-01,4.01495390889113e+00
infeasible
VIOLATED CONSTRAINTS: 1
wt:
0.00000000000000e+00
-1.00000000000000e+00
STEP #: 55
Ellipse:
center:
4.38928994579167e+00
1.23755261521571e+00
shape:
5.36691999721386e+00,-4.37466378227377e-01
-4.37466378227377e-01,1.82713495262675e+00
feasible
VIOLATED CONSTRAINTS: 0
optimality gap: 0.729486
w=
  -1.0000
   0.5000

H=
   5.3669  -0.4375
  -0.4375   1.8271

Criterion value: 1.66045; while eps/ERR_F =1e-05
wt:
-1.00000000000000e+00
5.00000000000000e-01
STEP #: 56
Ellipse:
center:
5.13464873421167e+00
1.07169965020651e+00
shape:
2.82300274562623e+00,5.63086339281816e-01
5.63086339281816e-01,2.25972365438276e+00
infeasible
VIOLATED CONSTRAINTS: 1
wt:
1.00000000000000e+00
1.00000000000000e+00
STEP #: 57
Ellipse:
center:
4.68120157573808e+00
6.94870751860339e-01
shape:
2.18137870578308e+00,-6.40940615478149e-01
-6.40940615478149e-01,1.94052735400507e+00
infeasible
VIOLATED CONSTRAINTS: 1
wt:
0.00000000000000e+00
-1.00000000000000e+00
STEP #: 58
Ellipse:
center:
4.52791401950131e+00
1.15791832083998e+00
shape:
2.83916152337777e+00,-2.24541461650481e-01
-2.24541461650481e-01,8.66577867122780e-01
feasible
VIOLATED CONSTRAINTS: 0
optimality gap: 0.551045
w=
  -1.0000
   0.5000

H=
   2.8392  -0.2245
  -0.2245   0.8666

Criterion value: 1.41784; while eps/ERR_F =1e-05
wt:
-1.00000000000000e+00
5.00000000000000e-01
STEP #: 59
Ellipse:
center:
5.06956035898901e+00
1.02372699335904e+00
shape:
1.43193862133290e+00,2.20532650743720e-01
2.20532650743720e-01,1.09509958318162e+00
infeasible
VIOLATED CONSTRAINTS: 1
wt:
1.00000000000000e+00
1.00000000000000e+00
STEP #: 60
Ellipse:
center:
4.74659628474224e+00
7.76987644303691e-01
shape:
1.18124430627972e+00,-3.76656671042502e-01
-3.76656671042502e-01,9.31147877491900e-01
infeasible
VIOLATED CONSTRAINTS: 1
wt:
0.00000000000000e+00
-1.00000000000000e+00
STEP #: 61
Ellipse:
center:
4.61551308980654e+00
1.10470870139358e+00
shape:
1.45912200904902e+00,-7.69758433956692e-02
-7.69758433956692e-02,4.18044407529521e-01
feasible
VIOLATED CONSTRAINTS: 0
optimality gap: 0.436841
w=
  -1.0000
   0.5000

H=
   1.4591  -0.0770
  -0.0770   0.4180

Criterion value: 1.19491; while eps/ERR_F =1e-05
wt:
-1.00000000000000e+00
5.00000000000000e-01
STEP #: 62
Ellipse:
center:
5.00228589798749e+00
1.00340517197659e+00
shape:
7.14607529637780e-01,1.03614546208012e-01
1.03614546208012e-01,5.47986347625962e-01
infeasible
VIOLATED CONSTRAINTS: 1
wt:
1.00000000000000e+00
1.00000000000000e+00
STEP #: 63
Ellipse:
center:
4.77378007597323e+00
8.34461194947955e-01
shape:
6.26720352473063e-01,-1.94229109759633e-01
-1.94229109759633e-01,4.43354431836413e-01
infeasible
VIOLATED CONSTRAINTS: 1
wt:
0.00000000000000e+00
-1.00000000000000e+00
STEP #: 64
Ellipse:
center:
4.67379421611284e+00
1.06688814734409e+00
shape:
7.38088489462863e-01,-1.19690580823588e-02
-1.19690580823588e-02,2.05327084519196e-01
feasible
VIOLATED CONSTRAINTS: 0
optimality gap: 0.35965
w=
  -1.0000
   0.5000

H=
   0.7381  -0.0120
  -0.0120   0.2053

Criterion value: 1.00011; while eps/ERR_F =1e-05
wt:
-1.00000000000000e+00
5.00000000000000e-01
STEP #: 65
Ellipse:
center:
4.94808513437259e+00
9.92884047505750e-01
shape:
3.53213774136106e-01,5.31183983378725e-02
5.31183983378725e-02,2.78257154944729e-01
infeasible
VIOLATED CONSTRAINTS: 1
wt:
0.00000000000000e+00
-1.00000000000000e+00
STEP #: 66
Ellipse:
center:
4.97131657020029e+00
1.16329533426901e+00
shape:
4.88037400750058e-01,7.97131574002757e-02
7.97131574002757e-02,1.36350334113193e-01
infeasible
VIOLATED CONSTRAINTS: 1
wt:
1.00000000000000e+00
1.00000000000000e+00
STEP #: 67
Ellipse:
center:
4.75710898520730e+00
1.10730620434080e+00
shape:
3.28398927424662e-01,-5.80699926263284e-02
-5.80699926263284e-02,1.25829422537116e-01
feasible
VIOLATED CONSTRAINTS: 0
optimality gap: 0.296544
w=
  -1.0000
   0.5000

H=
   0.3284  -0.0581
  -0.0581   0.1258

Criterion value: 0.850143; while eps/ERR_F =1e-05
wt:
-1.00000000000000e+00
5.00000000000000e-01
STEP #: 68
Ellipse:
center:
4.93756032346830e+00
1.03280840004250e+00
shape:
1.63511527850991e-01,7.66927357914485e-03
7.66927357914485e-03,1.46696856764343e-01
feasible
VIOLATED CONSTRAINTS: 0
optimality gap: 0.0788439
w=
  -1.0000
   0.5000

H=
   0.1635   0.0077
   0.0077   0.1467

Criterion value: 0.69954; while eps/ERR_F =1e-05
wt:
-1.00000000000000e+00
5.00000000000000e-01
STEP #: 69
Ellipse:
center:
5.05974091708251e+00
9.82367178382188e-01
shape:
9.11415983177028e-02,4.84773291714442e-02
4.84773291714442e-02,1.91314366048395e-01
infeasible
VIOLATED CONSTRAINTS: 2
wt:
0.00000000000000e+00
-1.00000000000000e+00
STEP #: 70
Ellipse:
center:
5.10602993769287e+00
1.12331237878300e+00
shape:
1.20754803449783e-01,2.97514903588781e-02
2.97514903588781e-02,8.61032687470641e-02
infeasible
VIOLATED CONSTRAINTS: 1
wt:
1.00000000000000e+00
1.00000000000000e+00
STEP #: 71
Ellipse:
center:
5.00691979121035e+00
1.05222799900654e+00
shape:
9.27935043338026e-02,-2.00127604726276e-02
-2.00127604726276e-02,6.89491932142112e-02
infeasible
VIOLATED CONSTRAINTS: 1
wt:
1.00000000000000e+00
1.00000000000000e+00
STEP #: 72
Ellipse:
center:
4.93981396286281e+00
1.00409795019956e+00
shape:
9.08947155780043e-02,-5.53256101640025e-02
-5.53256101640025e-02,7.52783506336916e-02
feasible
VIOLATED CONSTRAINTS: 0
optimality gap: 0.062235
w=
  -1.0000
   0.5000

H=
   0.0909  -0.0553
  -0.0553   0.0753

Criterion value: 0.669181; while eps/ERR_F =1e-05
wt:
-1.00000000000000e+00
5.00000000000000e-01
STEP #: 73
Ellipse:
center:
5.03514697387699e+00
9.25664253590067e-01
shape:
4.55002769448527e-02,-1.49000894256253e-02
-1.49000894256253e-02,5.72801368602910e-02
infeasible
VIOLATED CONSTRAINTS: 1
wt:
0.00000000000000e+00
-1.00000000000000e+00
STEP #: 74
Ellipse:
center:
5.01441075371855e+00
1.00545706887750e+00
shape:
5.94430404010032e-02,-5.64673163798369e-03
-5.64673163798369e-03,2.58259159494578e-02
infeasible
VIOLATED CONSTRAINTS: 1
wt:
1.00000000000000e+00
1.00000000000000e+00
STEP #: 75
Ellipse:
center:
4.94942513793356e+00
9.81239257173515e-01
shape:
4.52652839909023e-02,-2.26951770587785e-02
-2.26951770587785e-02,3.23184245317769e-02
infeasible
VIOLATED CONSTRAINTS: 1
wt:
0.00000000000000e+00
-1.00000000000000e+00
STEP #: 76
Ellipse:
center:
4.90725895130218e+00
1.04020208313921e+00
shape:
5.01750806528907e-02,-7.93997576000353e-03
-7.93997576000353e-03,1.31670431220718e-02
feasible
VIOLATED CONSTRAINTS: 0
optimality gap: 0.062235
w=
  -1.0000
   0.5000

H=
   0.0502  -0.0079
  -0.0079   0.0132

Criterion value: 0.525695; while eps/ERR_F =1e-05
wt:
-1.00000000000000e+00
5.00000000000000e-01
STEP #: 77
Ellipse:
center:
4.97923135594140e+00
1.01702490370603e+00
shape:
2.46336811958335e-02,4.46613616164196e-04
4.46613616164196e-04,1.53042201752216e-02
feasible
VIOLATED CONSTRAINTS: 0
optimality gap: 0.0292811
w=
  -1.0000
   0.5000

H=
   0.0246   0.0004
   0.0004   0.0153

Criterion value: 0.432568; while eps/ERR_F =1e-05
wt:
-1.00000000000000e+00
5.00000000000000e-01
STEP #: 78
Ellipse:
center:
5.02796267158253e+00
1.00133202179815e+00
shape:
1.31284612612655e-02,5.21878346432976e-03
5.21878346432976e-03,2.01707213370731e-02
infeasible
VIOLATED CONSTRAINTS: 1
wt:
1.00000000000000e+00
1.00000000000000e+00
STEP #: 79
Ellipse:
center:
4.99631718384221e+00
9.62285218473523e-01
shape:
1.19393623363908e-02,-2.36020182166418e-03
-2.36020182166418e-03,1.30126791553538e-02
infeasible
VIOLATED CONSTRAINTS: 1
wt:
0.00000000000000e+00
-1.00000000000000e+00
STEP #: 80
Ellipse:
center:
4.99011464185885e+00
1.00109445152549e+00
shape:
1.54525267763749e-02,3.16806002635815e-04
3.16806002635815e-04,6.11845403098163e-03
feasible
VIOLATED CONSTRAINTS: 0
optimality gap: 0.0104326
w=
  -1.0000
   0.5000

H=
   0.0155   0.0003
   0.0003   0.0061

Criterion value: 0.379837; while eps/ERR_F =1e-05
wt:
-1.00000000000000e+00
5.00000000000000e-01
STEP #: 81
Ellipse:
center:
5.02960837834295e+00
9.90879548024792e-01
shape:
7.58019237376019e-03,1.94501461724352e-03
1.94501461724352e-03,8.35485717693209e-03
infeasible
VIOLATED CONSTRAINTS: 2
wt:
0.00000000000000e+00
-1.00000000000000e+00
STEP #: 82
Ellipse:
center:
5.03707243872039e+00
1.02010231928249e+00
shape:
1.05094449529920e-02,1.85441759873579e-03
1.85441759873579e-03,3.89977754836958e-03
infeasible
VIOLATED CONSTRAINTS: 1
wt:
1.00000000000000e+00
1.00000000000000e+00
STEP #: 83
Ellipse:
center:
5.00621535519952e+00
1.00852102540900e+00
shape:
7.35642454771365e-03,-1.43261681962714e-03
-1.43261681962714e-03,3.49696597910250e-03
infeasible
VIOLATED CONSTRAINTS: 1
wt:
1.00000000000000e+00
1.00000000000000e+00
STEP #: 84
Ellipse:
center:
4.98532253823226e+00
1.00067952434883e+00
shape:
6.33564180762743e-03,-3.67007945768876e-03
-3.67007945768876e-03,4.48183926473631e-03
feasible
VIOLATED CONSTRAINTS: 0
optimality gap: 0.0104326
w=
  -1.0000
   0.5000

H=
   0.0063  -0.0037
  -0.0037   0.0045

Criterion value: 0.341852; while eps/ERR_F =1e-05
wt:
-1.00000000000000e+00
5.00000000000000e-01
STEP #: 85
Ellipse:
center:
5.01080588913465e+00
9.81577737134515e-01
shape:
3.13982074495686e-03,-1.07884887914694e-03
-1.07884887914694e-03,3.36795058448556e-03
infeasible
VIOLATED CONSTRAINTS: 1
wt:
0.00000000000000e+00
-1.00000000000000e+00
STEP #: 86
Ellipse:
center:
5.00460292056893e+00
1.00091044312796e+00
shape:
4.04256153782011e-03,-3.93249441247403e-04
-3.93249441247403e-04,1.50603701246126e-03
infeasible
VIOLATED CONSTRAINTS: 1
wt:
1.00000000000000e+00
1.00000000000000e+00
STEP #: 87
Ellipse:
center:
4.98726640526405e+00
9.95740112687184e-01
shape:
2.95078583360727e-03,-1.44919190875229e-03
-1.44919190875229e-03,1.97958571666418e-03
infeasible
VIOLATED CONSTRAINTS: 1
wt:
0.00000000000000e+00
-1.00000000000000e+00
STEP #: 88
Ellipse:
center:
4.97640699049627e+00
1.01027089716472e+00
shape:
3.26673551299845e-03,-5.00158489604128e-04
-5.00158489604128e-04,7.98655251584363e-04
feasible
VIOLATED CONSTRAINTS: 0
optimality gap: 0.0104326
w=
  -1.0000
   0.5000

H=
   0.0033  -0.0005
  -0.0005   0.0008

Criterion value: 0.264911; while eps/ERR_F =1e-05
wt:
-1.00000000000000e+00
5.00000000000000e-01
STEP #: 89
Ellipse:
center:
4.99481314303157e+00
1.00458838090027e+00
shape:
1.59815179879936e-03,2.38550970941599e-05
2.38550970941599e-05,9.30970212712885e-04
feasible
VIOLATED CONSTRAINTS: 0
optimality gap: 0.00748105
w=
  -1.0000
   0.5000

H=
   1.5982e-03   2.3855e-05
   2.3855e-05   9.3097e-04

Criterion value: 0.217982; while eps/ERR_F =1e-05
wt:
-1.00000000000000e+00
5.00000000000000e-01
STEP #: 90
Ellipse:
center:
5.00727564214401e+00
1.00074084384623e+00
shape:
8.43843089349965e-04,3.17501244294917e-04
3.17501244294917e-04,1.23072193733060e-03
infeasible
VIOLATED CONSTRAINTS: 1
wt:
1.00000000000000e+00
1.00000000000000e+00
STEP #: 91
Ellipse:
center:
4.99926398912026e+00
9.91186696484463e-01
shape:
7.65685748489818e-04,-1.57561350167349e-04
-1.57561350167349e-04,8.04599221416124e-04
infeasible
VIOLATED CONSTRAINTS: 1
wt:
0.00000000000000e+00
-1.00000000000000e+00
STEP #: 92
Ellipse:
center:
4.99755607169201e+00
1.00085358991288e+00
shape:
9.86075183303308e-04,1.78661361483838e-05
1.78661361483838e-05,3.78371659706058e-04
feasible
VIOLATED CONSTRAINTS: 0
optimality gap: 0.00287072
w=
  -1.0000
   0.5000

H=
   9.8608e-04   1.7866e-05
   1.7866e-05   3.7837e-04

Criterion value: 0.190873; while eps/ERR_F =1e-05
wt:
-1.00000000000000e+00
5.00000000000000e-01
STEP #: 93
Ellipse:
center:
5.00754145477612e+00
9.98281636004501e-01
shape:
4.82446662342626e-04,1.19403949774957e-04
1.19403949774957e-04,5.16740957398691e-04
infeasible
VIOLATED CONSTRAINTS: 2
wt:
0.00000000000000e+00
-1.00000000000000e+00
STEP #: 94
Ellipse:
center:
5.00934850700405e+00
1.00555177916055e+00
shape:
6.69221522760620e-04,1.16951958278893e-04
1.16951958278893e-04,2.41883641649395e-04
infeasible
VIOLATED CONSTRAINTS: 1
wt:
1.00000000000000e+00
1.00000000000000e+00
STEP #: 95
Ellipse:
center:
5.00154774123441e+00
1.00270926101318e+00
shape:
4.66501223432064e-04,-9.02140998906594e-05
-9.02140998906594e-05,2.17742516723249e-04
infeasible
VIOLATED CONSTRAINTS: 1
wt:
1.00000000000000e+00
1.00000000000000e+00
STEP #: 96
Ellipse:
center:
4.99626597274456e+00
1.00078463935090e+00
shape:
3.99544422174885e-04,-2.30770516734107e-04
-2.30770516734107e-04,2.80741447827891e-04
feasible
VIOLATED CONSTRAINTS: 0
optimality gap: 0.00287072
w=
  -1.0000
   0.5000

H=
   0.0004  -0.0002
  -0.0002   0.0003

Criterion value: 0.171256; while eps/ERR_F =1e-05
wt:
-1.00000000000000e+00
5.00000000000000e-01
STEP #: 97
Ellipse:
center:
5.00266805150053e+00
9.96005741362021e-01
shape:
1.97961048758101e-04,-6.79687284340151e-05
-6.79687284340151e-05,2.10976865851700e-04
infeasible
VIOLATED CONSTRAINTS: 1
wt:
0.00000000000000e+00
-1.00000000000000e+00
STEP #: 98
Ellipse:
center:
5.00110667332476e+00
1.00084433838027e+00
shape:
2.54792617180394e-04,-2.47187093683258e-05
-2.47187093683258e-05,9.43177810573588e-05
infeasible
VIOLATED CONSTRAINTS: 1
wt:
1.00000000000000e+00
1.00000000000000e+00
STEP #: 99
Ellipse:
center:
4.99674978214840e+00
9.99556488795121e-01
shape:
1.85631636058999e-04,-9.10216189520672e-05
-9.10216189520672e-05,1.24179767129037e-04
infeasible
VIOLATED CONSTRAINTS: 1
wt:
0.00000000000000e+00
-1.00000000000000e+00
STEP #: 100
Ellipse:
center:
4.99402687761320e+00
1.00319527076149e+00
shape:
2.05562201885314e-04,-3.13876821767529e-05
-3.13876821767529e-05,5.00857035983327e-05
feasible
VIOLATED CONSTRAINTS: 0
optimality gap: 0.00287072
w=
  -1.0000
   0.5000

H=
   2.0556e-04  -3.1388e-05
  -3.1388e-05   5.0086e-05

Criterion value: 0.13266; while eps/ERR_F =1e-05
wt:
-1.00000000000000e+00
5.00000000000000e-01
STEP #: 101
Ellipse:
center:
4.99864458257653e+00
1.00177328695311e+00
shape:
1.00550349108858e-04,1.50925367596203e-06
1.50925367596203e-06,5.84049375764735e-05
infeasible
VIOLATED CONSTRAINTS: 1
wt:
1.00000000000000e+00
1.00000000000000e+00
STEP #: 102
Ellipse:
center:
4.99600719373210e+00
1.00026235376120e+00
shape:
8.42162465548064e-05,-3.45952539516892e-05
-3.45952539516892e-05,5.81613745083730e-05
feasible
VIOLATED CONSTRAINTS: 0
optimality gap: 0.00287072
w=
  -1.0000
   0.5000

H=
   8.4216e-05  -3.4595e-05
  -3.4595e-05   5.8161e-05

Criterion value: 0.113283; while eps/ERR_F =1e-05
wt:
-1.00000000000000e+00
5.00000000000000e-01
STEP #: 103
Ellipse:
center:
4.99887102565863e+00
9.98333391192759e-01
shape:
4.37130847975419e-05,-3.81245045625962e-06
-3.81245045625962e-06,5.37191584259971e-05
infeasible
VIOLATED CONSTRAINTS: 1
wt:
0.00000000000000e+00
-1.00000000000000e+00
STEP #: 104
Ellipse:
center:
4.99871233595843e+00
1.00078162851001e+00
shape:
5.96737814714888e-05,-2.17093387628069e-07
-2.17093387628069e-07,2.46583640759964e-05
feasible
VIOLATED CONSTRAINTS: 0
optimality gap: 0.00167848
w=
  -1.0000
   0.5000

H=
   5.9674e-05  -2.1709e-07
  -2.1709e-07   2.4658e-05

Criterion value: 0.0950289; while eps/ERR_F =1e-05
wt:
-1.00000000000000e+00
5.00000000000000e-01
STEP #: 105
Ellipse:
center:
5.00116506244280e+00
1.00021443369247e+00
shape:
3.09932928114044e-05,9.24899320278097e-06
9.24899320278097e-06,3.26934694685522e-05
infeasible
VIOLATED CONSTRAINTS: 1
wt:
1.00000000000000e+00
1.00000000000000e+00
STEP #: 106
Ellipse:
center:
4.99963580135488e+00
9.98720868368708e-01
shape:
2.60167049953185e-05,-5.99991261385866e-06
-5.99991261385866e-06,2.38670409196002e-05
infeasible
VIOLATED CONSTRAINTS: 1
wt:
0.00000000000000e+00
-1.00000000000000e+00
STEP #: 107
Ellipse:
center:
4.99922741129953e+00
1.00037815102388e+00
shape:
3.35728279660499e-05,-4.91620725123540e-07
-4.91620725123540e-07,1.09925827423618e-05
feasible
VIOLATED CONSTRAINTS: 0
optimality gap: 0.000961664
w=
  -1.0000
   0.5000

H=
   3.3573e-05  -4.9162e-07
  -4.9162e-07   1.0993e-05

Criterion value: 0.0822474; while eps/ERR_F =1e-05
wt:
-1.00000000000000e+00
5.00000000000000e-01
STEP #: 108
Ellipse:
center:
5.00107914607561e+00
9.99925838343050e-01
shape:
1.65392834500862e-05,3.42538217647070e-06
3.42538217647070e-06,1.47691218994094e-05
infeasible
VIOLATED CONSTRAINTS: 2
wt:
0.00000000000000e+00
-1.00000000000000e+00
STEP #: 109
Ellipse:
center:
5.00135373025855e+00
1.00116848014912e+00
shape:
2.28473600016802e-05,3.13504119428269e-06
3.13504119428269e-06,6.84739586175513e-06
infeasible
VIOLATED CONSTRAINTS: 1
wt:
1.00000000000000e+00
1.00000000000000e+00
STEP #: 110
Ellipse:
center:
4.99990790246525e+00
1.00071371145667e+00
shape:
1.50807678257317e-05,-3.18508330772047e-06
-3.18508330772047e-06,6.80253225063931e-06
infeasible
VIOLATED CONSTRAINTS: 1
wt:
1.00000000000000e+00
1.00000000000000e+00
STEP #: 111
Ellipse:
center:
4.99892895656353e+00
1.00040579515449e+00
shape:
1.21016789112353e-05,-7.36979282990785e-06
-7.36979282990785e-06,9.30445813205377e-06
feasible
VIOLATED CONSTRAINTS: 0
optimality gap: 0.000961664
w=
  -1.0000
   0.5000

H=
   1.2102e-05  -7.3698e-06
  -7.3698e-06   9.3045e-06

Criterion value: 0.0720499; while eps/ERR_F =1e-05
wt:
-1.00000000000000e+00
5.00000000000000e-01
STEP #: 112
Ellipse:
center:
5.00007507161315e+00
9.99570964595392e-01
shape:
6.13131252463988e-06,-2.10780489420437e-06
-2.10780489420437e-06,6.71836265569807e-06
infeasible
VIOLATED CONSTRAINTS: 1
wt:
0.00000000000000e+00
-1.00000000000000e+00
STEP #: 113
Ellipse:
center:
4.99979750756930e+00
1.00042204327044e+00
shape:
8.06324941295689e-06,-9.94581248019422e-07
-9.94581248019422e-07,2.99631375422771e-06
infeasible
VIOLATED CONSTRAINTS: 1
wt:
1.00000000000000e+00
1.00000000000000e+00
STEP #: 114
Ellipse:
center:
4.99901381378021e+00
1.00019963269872e+00
shape:
5.60850719505131e-06,-2.92050493713587e-06
-2.92050493713587e-06,4.12564615729539e-06
feasible
VIOLATED CONSTRAINTS: 0
optimality gap: 0.000961664
w=
  -1.0000
   0.5000

H=
   5.6085e-06  -2.9205e-06
  -2.9205e-06   4.1256e-06

Criterion value: 0.0587855; while eps/ERR_F =1e-05
wt:
-1.00000000000000e+00
5.00000000000000e-01
STEP #: 115
Ellipse:
center:
4.99980662480074e+00
9.99705039717114e-01
shape:
3.00821530718665e-06,-5.80432617340328e-07
-5.80432617340328e-07,3.17404367212793e-06
infeasible
VIOLATED CONSTRAINTS: 1
wt:
0.00000000000000e+00
-1.00000000000000e+00
STEP #: 116
Ellipse:
center:
4.99969518772109e+00
1.00028936881953e+00
shape:
4.13082558819858e-06,-4.34980310879930e-07
-4.34980310879930e-07,1.45176737027352e-06
feasible
VIOLATED CONSTRAINTS: 0
optimality gap: 0.000449497
w=
  -1.0000
   0.5000

H=
   4.1308e-06  -4.3498e-07
  -4.3498e-07   1.4518e-06

Criterion value: 0.0493803; while eps/ERR_F =1e-05
wt:
-1.00000000000000e+00
5.00000000000000e-01
STEP #: 117
Ellipse:
center:
5.00035101566690e+00
1.00014124114590e+00
shape:
2.21520568579123e-06,4.19156333422937e-07
4.19156333422937e-07,1.73236412501676e-06
infeasible
VIOLATED CONSTRAINTS: 1
wt:
1.00000000000000e+00
1.00000000000000e+00
STEP #: 118
Ellipse:
center:
4.99995239283250e+00
9.99808666020532e-01
shape:
1.66139860335838e-06,-5.06076486208811e-07
-5.06076486208811e-07,1.54384090355738e-06
infeasible
VIOLATED CONSTRAINTS: 1
wt:
0.00000000000000e+00
-1.00000000000000e+00
STEP #: 119
Ellipse:
center:
4.99981654279489e+00
1.00021732098235e+00
shape:
2.19020574645300e-06,-2.24589087349624e-07
-2.24589087349624e-07,6.87683320812510e-07
infeasible
VIOLATED CONSTRAINTS: 1
wt:
1.00000000000000e+00
1.00000000000000e+00
STEP #: 120
Ellipse:
center:
4.99939658785115e+00
1.00011875502171e+00
shape:
1.45382247820332e-06,-7.00346991823680e-07
-7.00346991823680e-07,9.68709791895972e-07
feasible
VIOLATED CONSTRAINTS: 0
optimality gap: 0.000449497
w=
  -1.0000
   0.5000

H=
   1.4538e-06  -7.0035e-07
  -7.0035e-07   9.6871e-07

Criterion value: 0.0416019; while eps/ERR_F =1e-05
wt:
-1.00000000000000e+00
5.00000000000000e-01
STEP #: 121
Ellipse:
center:
4.99979943479215e+00
9.99885533094593e-01
shape:
7.78193138563586e-07,-1.30556519176232e-07
-1.30556519176232e-07,7.65559585504457e-07
infeasible
VIOLATED CONSTRAINTS: 1
wt:
0.00000000000000e+00
-1.00000000000000e+00
STEP #: 122
Ellipse:
center:
4.99975007341069e+00
1.00017309316207e+00
shape:
1.06992440914828e-06,-1.02075163688958e-07
-1.02075163688958e-07,3.50771304119465e-07
feasible
VIOLATED CONSTRAINTS: 0
optimality gap: 0.000336473
w=
  -1.0000
   0.5000

H=
   1.0699e-06  -1.0208e-07
  -1.0208e-07   3.5077e-07

Criterion value: 0.0350717; while eps/ERR_F =1e-05
wt:
-1.00000000000000e+00
5.00000000000000e-01
STEP #: 123
Ellipse:
center:
5.00008423095939e+00
1.00010403269847e+00
shape:
5.68561971200473e-07,1.06486857904163e-07
1.06486857904163e-07,4.24577123409621e-07
infeasible
VIOLATED CONSTRAINTS: 1
wt:
1.00000000000000e+00
1.00000000000000e+00
STEP #: 124
Ellipse:
center:
4.99988049202367e+00
9.99940664711170e-01
shape:
4.22301282293587e-07,-1.25560463950737e-07
-1.25560463950737e-07,3.80816170829994e-07
infeasible
VIOLATED CONSTRAINTS: 1
wt:
0.00000000000000e+00
-1.00000000000000e+00
STEP #: 125
Ellipse:
center:
4.99981288514501e+00
1.00014369298022e+00
shape:
5.57065904430235e-07,-5.50420709239545e-08
-5.50420709239545e-08,1.69615452591747e-07
feasible
VIOLATED CONSTRAINTS: 0
optimality gap: 0.000258961
w=
  -1.0000
   0.5000

H=
   5.5707e-07  -5.5042e-08
  -5.5042e-08   1.6962e-07

Criterion value: 0.0299223; while eps/ERR_F =1e-05
wt:
-1.00000000000000e+00
5.00000000000000e-01
STEP #: 126
Ellipse:
center:
5.00005365696907e+00
1.00008537701269e+00
shape:
2.84434318567578e-07,4.06789359025771e-08
4.06789359025771e-08,2.08551687937237e-07
infeasible
VIOLATED CONSTRAINTS: 1
wt:
1.00000000000000e+00
1.00000000000000e+00
STEP #: 127
Ellipse:
center:
4.99990998075280e+00
9.99977627189691e-01
shape:
2.26830723822924e-07,-7.49270572313003e-08
-7.49270572313003e-08,1.85036262737378e-07
infeasible
VIOLATED CONSTRAINTS: 1
wt:
0.00000000000000e+00
-1.00000000000000e+00
STEP #: 128
Ellipse:
center:
4.99985181300740e+00
1.00012188732096e+00
shape:
2.84699948877946e-07,-2.12103418730641e-08
-2.12103418730641e-08,8.20995794498606e-08
feasible
VIOLATED CONSTRAINTS: 0
optimality gap: 0.000209131
w=
  -1.0000
   0.5000

H=
   2.8470e-07  -2.1210e-08
  -2.1210e-08   8.2100e-08

Criterion value: 0.025215; while eps/ERR_F =1e-05
wt:
-1.00000000000000e+00
5.00000000000000e-01
STEP #: 129
Ellipse:
center:
5.00002305980511e+00
1.00007735662695e+00
shape:
1.41097456524599e-07,1.90724666904519e-08
1.90724666904519e-08,1.05015446903369e-07
infeasible
VIOLATED CONSTRAINTS: 1
wt:
1.00000000000000e+00
1.00000000000000e+00
STEP #: 130
Ellipse:
center:
4.99992187037665e+00
1.00000319445690e+00
shape:
1.20033719577281e-07,-3.89670798269891e-08
-3.89670798269891e-08,8.85714414737455e-08
feasible
VIOLATED CONSTRAINTS: 0
optimality gap: 7.97269e-05
w=
  -1.0000
   0.5000

H=
   1.2003e-07  -3.8967e-08
  -3.8967e-08   8.8571e-08

Criterion value: 0.0217362; while eps/ERR_F =1e-05
wt:
-1.00000000000000e+00
5.00000000000000e-01
STEP #: 131
Ellipse:
center:
5.00002797405436e+00
9.99933676600883e-01
shape:
6.35410492659597e-08,3.09854088116476e-09
3.09854088116476e-09,9.05790627896410e-08
infeasible
VIOLATED CONSTRAINTS: 1
wt:
0.00000000000000e+00
-1.00000000000000e+00
STEP #: 132
Ellipse:
center:
5.00003314655190e+00
1.00003374539610e+00
shape:
8.74513964021185e-08,4.51746631613615e-09
4.51746631613615e-09,4.16600389142634e-08
infeasible
VIOLATED CONSTRAINTS: 1
wt:
1.00000000000000e+00
1.00000000000000e+00
STEP #: 133
Ellipse:
center:
4.99995106679565e+00
9.99994086501293e-01
shape:
6.54173784292868e-08,-2.38047549796909e-08
-2.38047549796909e-08,4.35798501302254e-08
infeasible
VIOLATED CONSTRAINTS: 1
wt:
0.00000000000000e+00
-1.00000000000000e+00
STEP #: 134
Ellipse:
center:
4.99991298102771e+00
1.00006388367540e+00
shape:
7.89414572457814e-08,-6.59462316989397e-09
-6.59462316989397e-09,1.87949522248045e-08
feasible
VIOLATED CONSTRAINTS: 0
optimality gap: 7.97269e-05
w=
  -1.0000
   0.5000

H=
   7.8941e-08  -6.5946e-09
  -6.5946e-09   1.8795e-08

Criterion value: 0.0182743; while eps/ERR_F =1e-05
wt:
-1.00000000000000e+00
5.00000000000000e-01
STEP #: 135
Ellipse:
center:
5.00000352910799e+00
1.00004098726005e+00
shape:
3.85404364479241e-08,3.58882014950819e-09
3.58882014950819e-09,2.38954987072245e-08
infeasible
VIOLATED CONSTRAINTS: 1
wt:
1.00000000000000e+00
1.00000000000000e+00
STEP #: 136
Ellipse:
center:
4.99995034286549e+00
1.00000822575453e+00
shape:
3.20535328523570e-08,-1.09699249139001e-08
-1.09699249139001e-08,2.16163166663464e-08
feasible
VIOLATED CONSTRAINTS: 0
optimality gap: 5.377e-05
w=
  -1.0000
   0.5000

H=
   3.2054e-08  -1.0970e-08
  -1.0970e-08   2.1616e-08

Criterion value: 0.0156389; while eps/ERR_F =1e-05
wt:
-1.00000000000000e+00
5.00000000000000e-01
STEP #: 137
Ellipse:
center:
5.00000558518727e+00
9.99972871255641e-01
shape:
1.67014637655141e-08,-1.08196725092487e-10
-1.08196725092487e-10,2.16149969708579e-08
infeasible
VIOLATED CONSTRAINTS: 1
wt:
0.00000000000000e+00
-1.00000000000000e+00
STEP #: 138
Ellipse:
center:
5.00000596810078e+00
1.00002187417276e+00
shape:
2.29249746329300e-08,7.98119269795177e-10
7.98119269795177e-10,9.95612319182176e-09
infeasible
VIOLATED CONSTRAINTS: 1
wt:
1.00000000000000e+00
1.00000000000000e+00
STEP #: 139
Ellipse:
center:
4.99996369416189e+00
1.00000356214291e+00
shape:
1.68925342913644e-08,-6.26060644713817e-09
-6.26060644713817e-09,1.08155984938144e-08
feasible
VIOLATED CONSTRAINTS: 0
optimality gap: 3.80869e-05
w=
  -1.0000
   0.5000

H=
   1.6893e-08  -6.2606e-09
  -6.2606e-09   1.0816e-08

Criterion value: 0.0134018; while eps/ERR_F =1e-05
wt:
-1.00000000000000e+00
5.00000000000000e-01
STEP #: 140
Ellipse:
center:
5.00000514142691e+00
9.99979280105204e-01
shape:
8.99346797281993e-09,-3.28366785355852e-10
-3.28366785355852e-10,1.00729090086289e-08
infeasible
VIOLATED CONSTRAINTS: 1
wt:
0.00000000000000e+00
-1.00000000000000e+00
STEP #: 141
Ellipse:
center:
5.00000403128033e+00
1.00001272877052e+00
shape:
1.23634180317491e-08,-1.60510231839154e-10
-1.60510231839154e-10,4.61649272582717e-09
infeasible
VIOLATED CONSTRAINTS: 1
wt:
1.00000000000000e+00
1.00000000000000e+00
STEP #: 142
Ellipse:
center:
4.99997251034751e+00
1.00000120774496e+00
shape:
8.40072184309208e-09,-3.40011771828944e-09
-3.40011771828944e-09,5.65798125857937e-09
feasible
VIOLATED CONSTRAINTS: 0
optimality gap: 2.80935e-05
w=
  -1.0000
   0.5000

H=
   8.4007e-09  -3.4001e-09
  -3.4001e-09   5.6580e-09

Criterion value: 0.0113369; while eps/ERR_F =1e-05
wt:
-1.00000000000000e+00
5.00000000000000e-01
STEP #: 143
Ellipse:
center:
5.00000256665037e+00
9.99984361349884e-01
shape:
4.62511990006331e-09,-2.15534754242109e-10
-2.15534754242109e-10,4.91360001025298e-09
infeasible
VIOLATED CONSTRAINTS: 1
wt:
0.00000000000000e+00
-1.00000000000000e+00
STEP #: 144
Ellipse:
center:
5.00000145535005e+00
1.00000765489456e+00
shape:
6.36405986422552e-09,-3.58923627687676e-10
-3.58923627687676e-10,2.26717315911065e-09
infeasible
VIOLATED CONSTRAINTS: 1
wt:
1.00000000000000e+00
1.00000000000000e+00
STEP #: 145
Ellipse:
center:
4.99997861835985e+00
9.99999909351715e-01
shape:
4.06240700707170e-09,-1.79177770800322e-09
-1.79177770800322e-09,3.00965943247535e-09
infeasible
VIOLATED CONSTRAINTS: 1
wt:
0.00000000000000e+00
-1.00000000000000e+00
STEP #: 146
Ellipse:
center:
4.99996808340769e+00
1.00001685335285e+00
shape:
5.17662979325612e-09,-9.28818551274845e-10
-9.28818551274845e-10,1.26478992830976e-09
feasible
VIOLATED CONSTRAINTS: 0
optimality gap: 2.80935e-05
w=
  -1.0000
   0.5000

H=
   5.1766e-09  -9.2882e-10
  -9.2882e-10   1.2648e-09

Criterion value: 0.00938753; while eps/ERR_F =1e-05
wt:
-1.00000000000000e+00
5.00000000000000e-01
STEP #: 147
Ellipse:
center:
4.99999172634773e+00
1.00001126831804e+00
shape:
2.61952605507027e-09,5.39102585250383e-11
5.39102585250383e-11,1.36937505530803e-09
infeasible
VIOLATED CONSTRAINTS: 1
wt:
1.00000000000000e+00
1.00000000000000e+00
STEP #: 148
Ellipse:
center:
4.99997777455089e+00
1.00000376649524e+00
shape:
1.90316031335203e-09,-7.86206168584791e-10
-7.86206168584791e-10,1.51221474830715e-09
feasible
VIOLATED CONSTRAINTS: 0
optimality gap: 2.41087e-05
w=
  -1.0000
   0.5000

H=
   1.9032e-09  -7.8621e-10
  -7.8621e-10   1.5122e-09

Criterion value: 0.00786813; while eps/ERR_F =1e-05
wt:
-1.00000000000000e+00
5.00000000000000e-01
STEP #: 149
Ellipse:
center:
4.99999196105067e+00
9.99994979836529e-01
shape:
1.07967231411551e-09,2.76029287126483e-12
2.76029287126483e-12,1.31972358507336e-09
infeasible
VIOLATED CONSTRAINTS: 1
wt:
0.00000000000000e+00
-1.00000000000000e+00
STEP #: 150
Ellipse:
center:
4.99999183141513e+00
1.00000708549011e+00
shape:
1.48078504258236e-09,-6.70282892826154e-11
-6.70282892826154e-11,6.09728970068524e-10
feasible
VIOLATED CONSTRAINTS: 0
optimality gap: 1.17113e-05
w=
  -1.0000
   0.5000

H=
   1.4808e-09  -6.7028e-11
  -6.7028e-11   6.0973e-10

Criterion value: 0.00672056; while eps/ERR_F =1e-05
wt:
-1.00000000000000e+00
5.00000000000000e-01
STEP #: 151
Ellipse:
center:
5.00000407527118e+00
1.00000454644710e+00
shape:
8.23031467937552e-10,2.46132552113713e-10
2.46132552113713e-10,7.61840727103402e-10
infeasible
VIOLATED CONSTRAINTS: 1
wt:
1.00000000000000e+00
1.00000000000000e+00
STEP #: 152
Ellipse:
center:
4.99999637121323e+00
9.99997047691465e-01
shape:
6.09766927141144e-10,-1.36266805607625e-10
-1.36266805607625e-10,6.16155780361488e-10
infeasible
VIOLATED CONSTRAINTS: 1
wt:
0.00000000000000e+00
-1.00000000000000e+00
STEP #: 153
Ellipse:
center:
4.99999452840742e+00
1.00000525691670e+00
shape:
8.23150371290768e-10,-6.54178998158651e-11
-6.54178998158651e-11,2.78758832192232e-10
feasible
VIOLATED CONSTRAINTS: 0
optimality gap: 8.10005e-06
w=
  -1.0000
   0.5000

H=
   8.2315e-10  -6.5418e-11
  -6.5418e-11   2.7876e-10

Criterion value: 0.00585059; while eps/ERR_F =1e-05
wt:
-1.00000000000000e+00
5.00000000000000e-01
STEP #: 154
Ellipse:
center:
5.00000374767778e+00
1.00000308493615e+00
shape:
4.27519648045060e-10,8.15716666890811e-11
8.15716666890811e-11,3.47661305383852e-10
infeasible
VIOLATED CONSTRAINTS: 1
wt:
1.00000000000000e+00
1.00000000000000e+00
STEP #: 155
Ellipse:
center:
4.99999817316395e+00
9.99998472493063e-01
shape:
3.39972519132110e-10,-1.02420426666719e-10
-1.02420426666719e-10,2.94165238993489e-10
infeasible
VIOLATED CONSTRAINTS: 1
wt:
0.00000000000000e+00
-1.00000000000000e+00
STEP #: 156
Ellipse:
center:
4.99999618074674e+00
1.00000421560886e+00
shape:
4.35623298460145e-10,-2.96761010115023e-11
-2.96761010115023e-11,1.31587250663280e-10
infeasible
VIOLATED CONSTRAINTS: 1
wt:
1.00000000000000e+00
1.00000000000000e+00
STEP #: 157
Ellipse:
center:
4.99999029535399e+00
1.00000285312017e+00
shape:
3.01971046102595e-10,-1.33625375176772e-10
-1.33625375176772e-10,1.76979478457037e-10
feasible
VIOLATED CONSTRAINTS: 0
optimality gap: 8.10005e-06
w=
  -1.0000
   0.5000

H=
   3.0197e-10  -1.3363e-10
  -1.3363e-10   1.7698e-10

Criterion value: 0.00494745; while eps/ERR_F =1e-05
wt:
-1.00000000000000e+00
5.00000000000000e-01
STEP #: 158
Ellipse:
center:
4.99999595822697e+00
9.99999555175656e-01
shape:
1.56283919585802e-10,-2.64651424902084e-11
-2.64651424902084e-11,1.48052393987234e-10
infeasible
VIOLATED CONSTRAINTS: 1
wt:
0.00000000000000e+00
-1.00000000000000e+00
STEP #: 159
Ellipse:
center:
4.99999523700405e+00
1.00000359104749e+00
shape:
2.12557051697981e-10,-1.25838305859871e-11
-1.25838305859871e-11,6.73021208342637e-11
feasible
VIOLATED CONSTRAINTS: 0
optimality gap: 6.55852e-06
w=
  -1.0000
   0.5000

H=
   2.1256e-10  -1.2584e-11
  -1.2584e-11   6.7302e-11

Criterion value: 0.00414211; while eps/ERR_F =1e-05
wt:
-1.00000000000000e+00
5.00000000000000e-01
STEP #: 160
Ellipse:
center:
4.99999992750217e+00
1.00000261261056e+00
shape:
1.09573958155746e-10,2.21287919301988e-11
2.21287919301988e-11,8.58742445480355e-11
infeasible
VIOLATED CONSTRAINTS: 1
wt:
1.00000000000000e+00
1.00000000000000e+00
STEP #: 161
Ellipse:
center:
4.99999707043761e+00
1.00000032557488e+00
shape:
8.59667119607688e-11,-2.43472738987446e-11
-2.43472738987446e-11,7.23168918242607e-11
feasible
VIOLATED CONSTRAINTS: 0
optimality gap: 3.09235e-06
w=
  -1.0000
   0.5000

H=
   8.5967e-11  -2.4347e-11
  -2.4347e-11   7.2317e-11

Criterion value: 0.00355526; while eps/ERR_F =1e-05
wt:
-1.00000000000000e+00
5.00000000000000e-01
STEP #: 162
Ellipse:
center:
4.99999994190521e+00
9.99998525575441e-01
shape:
4.90773243194325e-11,8.81796339784009e-12
8.81796339784009e-12,7.38377989913953e-11
infeasible
VIOLATED CONSTRAINTS: 1
wt:
0.00000000000000e+00
-1.00000000000000e+00
STEP #: 163
Ellipse:
center:
5.00000028668570e+00
1.00000138894005e+00
shape:
6.66875436769722e-11,3.62489475928444e-12
3.62489475928444e-12,3.37232405485685e-11
infeasible
VIOLATED CONSTRAINTS: 1
wt:
1.00000000000000e+00
1.00000000000000e+00
STEP #: 164
Ellipse:
center:
4.99999802622569e+00
1.00000017637099e+00
shape:
4.75358097369364e-11,-1.77244409802283e-11
-1.77244409802283e-11,3.62638264328068e-11
feasible
VIOLATED CONSTRAINTS: 0
optimality gap: 2.06196e-06
w=
  -1.0000
   0.5000

H=
   4.7536e-11  -1.7724e-11
  -1.7724e-11   3.6264e-11

Criterion value: 0.00310459; while eps/ERR_F =1e-05
wt:
-1.00000000000000e+00
5.00000000000000e-01
STEP #: 165
Ellipse:
center:
5.00000025508251e+00
9.99998859737932e-01
shape:
2.70844995781943e-11,1.18782688641720e-12
1.18782688641720e-12,3.28682560447642e-11
infeasible
VIOLATED CONSTRAINTS: 1
wt:
0.00000000000000e+00
-1.00000000000000e+00
STEP #: 166
Ellipse:
center:
5.00000030227630e+00
1.00000077444908e+00
shape:
3.70095412475404e-11,-1.08731906139815e-12
-1.08731906139815e-12,1.51739940529988e-11
infeasible
VIOLATED CONSTRAINTS: 1
wt:
1.00000000000000e+00
1.00000000000000e+00
STEP #: 167
Ellipse:
center:
4.99999858732631e+00
1.00000006431713e+00
shape:
2.42680920513772e-11,-1.04626768497976e-11
-1.04626768497976e-11,1.90704643114554e-11
feasible
VIOLATED CONSTRAINTS: 0
optimality gap: 1.44483e-06
w=
  -1.0000
   0.5000

H=
   2.4268e-11  -1.0463e-11
  -1.0463e-11   1.9070e-11

Criterion value: 0.00264983; while eps/ERR_F =1e-05
wt:
-1.00000000000000e+00
5.00000000000000e-01
STEP #: 168
Ellipse:
center:
5.00000023756093e+00
9.99999127719226e-01
shape:
1.41750770577048e-11,-1.72321729944377e-13
-1.72321729944377e-13,1.57184714189393e-11
infeasible
VIOLATED CONSTRAINTS: 1
wt:
0.00000000000000e+00
-1.00000000000000e+00
STEP #: 169
Ellipse:
center:
5.00000020706442e+00
1.00000044637933e+00
shape:
1.93490559287016e-11,-1.69270879727892e-12
-1.69270879727892e-12,7.40760145556824e-12
infeasible
VIOLATED CONSTRAINTS: 1
wt:
1.00000000000000e+00
1.00000000000000e+00
STEP #: 170
Ellipse:
center:
4.99999894803035e+00
9.99999991911169e-01
shape:
1.18623702559480e-11,-5.64434512507117e-12
-5.64434512507117e-12,1.01516522975039e-11
feasible
VIOLATED CONSTRAINTS: 0
optimality gap: 1.04793e-06
w=
  -1.0000
   0.5000

H=
   1.1862e-11  -5.6443e-12
  -5.6443e-12   1.0152e-11

Criterion value: 0.00223376; while eps/ERR_F =1e-05
wt:
-1.00000000000000e+00
5.00000000000000e-01
STEP #: 171
Ellipse:
center:
5.00000014007616e+00
9.99999332487099e-01
shape:
7.21552268304085e-12,-2.39334273352440e-13
-2.39334273352440e-13,7.74683982210777e-12
infeasible
VIOLATED CONSTRAINTS: 1
wt:
0.00000000000000e+00
-1.00000000000000e+00
STEP #: 172
Ellipse:
center:
5.00000010134249e+00
1.00000025374206e+00
shape:
9.78404234245327e-12,-1.32596876522350e-12
-1.32596876522350e-12,3.77817538805262e-12
infeasible
VIOLATED CONSTRAINTS: 1
wt:
1.00000000000000e+00
1.00000000000000e+00
STEP #: 173
Ellipse:
center:
4.99999919415919e+00
9.99999946760877e-01
shape:
5.66709699353132e-12,-2.91501070296460e-12
-2.91501070296460e-12,5.41651912436076e-12
infeasible
VIOLATED CONSTRAINTS: 1
wt:
0.00000000000000e+00
-1.00000000000000e+00
STEP #: 174
Ellipse:
center:
4.99999877938621e+00
1.00000061662135e+00
shape:
7.69083735960876e-12,-2.16679284868352e-12
-2.16679284868352e-12,2.43034542123729e-12
feasible
VIOLATED CONSTRAINTS: 0
optimality gap: 1.04793e-06
w=
  -1.0000
   0.5000

H=
   7.6908e-12  -2.1668e-12
  -2.1668e-12   2.4303e-12

Criterion value: 0.00187451; while eps/ERR_F =1e-05
wt:
-1.00000000000000e+00
5.00000000000000e-01
STEP #: 175
Ellipse:
center:
4.99999971720920e+00
1.00000039687457e+00
shape:
4.11100880911807e-12,-1.58519073078367e-13
-1.58519073078367e-13,2.15274489378779e-12
infeasible
VIOLATED CONSTRAINTS: 1
wt:
1.00000000000000e+00
1.00000000000000e+00
STEP #: 176
Ellipse:
center:
4.99999916335871e+00
1.00000010012413e+00
shape:
2.67513741229637e-12,-1.26867454918323e-12
-1.26867454918323e-12,2.68159941036041e-12
feasible
VIOLATED CONSTRAINTS: 0
optimality gap: 8.86703e-07
w=
  -1.0000
   0.5000

H=
   2.6751e-12  -1.2687e-12
  -1.2687e-12   2.6816e-12

Criterion value: 0.00154844; while eps/ERR_F =1e-05
wt:
-1.00000000000000e+00
5.00000000000000e-01
STEP #: 177
Ellipse:
center:
4.99999972549868e+00
9.99999752885265e-01
shape:
1.70283536844033e-12,5.21729044054983e-14
5.21729044054983e-14,2.06181536566686e-12
infeasible
VIOLATED CONSTRAINTS: 1
wt:
0.00000000000000e+00
-1.00000000000000e+00
STEP #: 178
Ellipse:
center:
4.99999972085404e+00
1.00000023225604e+00
shape:
2.27818276765054e-12,-2.70270672316275e-13
-2.70270672316275e-13,1.00299083637539e-12
feasible
VIOLATED CONSTRAINTS: 0
optimality gap: 3.95274e-07
w=
  -1.0000
   0.5000

H=
   2.2782e-12  -2.7027e-13
  -2.7027e-13   1.0030e-12

Criterion value: 0.00133944; while eps/ERR_F =1e-05
wt:
-1.00000000000000e+00
5.00000000000000e-01
STEP #: 179
Ellipse:
center:
5.00000020603917e+00
1.00000013195478e+00
shape:
1.38607391839529e-12,3.62597379202367e-13
3.62597379202367e-13,1.10104259315153e-12
infeasible
VIOLATED CONSTRAINTS: 1
wt:
1.00000000000000e+00
1.00000000000000e+00
STEP #: 180
Ellipse:
center:
4.99999990071787e+00
9.99999834965253e-01
shape:
9.04408884998254e-13,-2.05750361709388e-13
-2.05750361709388e-13,1.01908462769966e-12
infeasible
VIOLATED CONSTRAINTS: 1
wt:
0.00000000000000e+00
-1.00000000000000e+00
STEP #: 181
Ellipse:
center:
4.99999982781084e+00
1.00000016009668e+00
shape:
1.25341366461526e-12,-2.04918631585654e-13
-2.04918631585654e-13,4.75835667707173e-13
feasible
VIOLATED CONSTRAINTS: 0
optimality gap: 2.52238e-07
w=
  -1.0000
   0.5000

H=
   1.2534e-12  -2.0492e-13
  -2.0492e-13   4.7584e-13

Criterion value: 0.0011701; while eps/ERR_F =1e-05
wt:
-1.00000000000000e+00
5.00000000000000e-01
STEP #: 182
Ellipse:
center:
5.00000019306294e+00
1.00000007412230e+00
shape:
7.00665925186965e-13,1.08568689338275e-13
1.08568689338275e-13,5.15734101445878e-13
infeasible
VIOLATED CONSTRAINTS: 1
wt:
1.00000000000000e+00
1.00000000000000e+00
STEP #: 183
Ellipse:
center:
4.99999997219997e+00
9.99999891440251e-01
shape:
4.92699792228944e-13,-1.64583094337622e-13
-1.64583094337622e-13,5.02321988215388e-13
infeasible
VIOLATED CONSTRAINTS: 1
wt:
0.00000000000000e+00
-1.00000000000000e+00
STEP #: 184
Ellipse:
center:
4.99999989328897e+00
1.00000011892040e+00
shape:
6.64737156652940e-13,-1.04044508092406e-13
-1.04044508092406e-13,2.25341623812479e-13
infeasible
VIOLATED CONSTRAINTS: 1
wt:
1.00000000000000e+00
1.00000000000000e+00
STEP #: 185
Ellipse:
center:
4.99999966012939e+00
1.00000006495813e+00
shape:
4.19009378705117e-13,-2.27382585089108e-13
-2.27382585089108e-13,3.32505466047311e-13
feasible
VIOLATED CONSTRAINTS: 0
optimality gap: 2.52238e-07
w=
  -1.0000
   0.5000

H=
   4.1901e-13  -2.2738e-13
  -2.2738e-13   3.3251e-13

Criterion value: 0.000977002; while eps/ERR_F =1e-05
wt:
-1.00000000000000e+00
5.00000000000000e-01
STEP #: 186
Ellipse:
center:
4.99999988445247e+00
9.99999934336005e-01
shape:
2.34781885181652e-13,-4.18245988917802e-14
-4.18245988917802e-14,2.42754431090095e-13
infeasible
VIOLATED CONSTRAINTS: 1
wt:
0.00000000000000e+00
-1.00000000000000e+00
STEP #: 187
Ellipse:
center:
4.99999985589273e+00
1.00000009420072e+00
shape:
3.25134747391969e-13,-4.72869170886443e-14
-4.72869170886443e-14,1.14009431075784e-13
feasible
VIOLATED CONSTRAINTS: 0
optimality gap: 1.91208e-07
w=
  -1.0000
   0.5000

H=
   3.2513e-13  -4.7287e-14
  -4.7287e-14   1.1401e-13

Criterion value: 0.000829352; while eps/ERR_F =1e-05
wt:
-1.00000000000000e+00
5.00000000000000e-01
STEP #: 188
Ellipse:
center:
5.00000004169877e+00
1.00000005544860e+00
shape:
1.79945018902054e-13,2.90532709560620e-14
2.90532709560620e-14,1.26739493658779e-13
infeasible
VIOLATED CONSTRAINTS: 1
wt:
1.00000000000000e+00
1.00000000000000e+00
STEP #: 189
Ellipse:
center:
4.99999992852013e+00
9.99999964856602e-01
shape:
1.25123791807944e-13,-3.96640458393155e-14
-3.96640458393155e-14,1.23241600303031e-13
infeasible
VIOLATED CONSTRAINTS: 1
wt:
0.00000000000000e+00
-1.00000000000000e+00
STEP #: 190
Ellipse:
center:
4.99999989060325e+00
1.00000007774189e+00
shape:
1.69191255184184e-13,-2.52555383937785e-14
-2.52555383937785e-14,5.53728852143513e-14
feasible
VIOLATED CONSTRAINTS: 0
optimality gap: 1.48268e-07
w=
  -1.0000
   0.5000

H=
   1.6919e-13  -2.5256e-14
  -2.5256e-14   5.5373e-14

Criterion value: 0.000708445; while eps/ERR_F =1e-05
wt:
-1.00000000000000e+00
5.00000000000000e-01
STEP #: 191
Ellipse:
center:
5.00000002444528e+00
1.00000004521039e+00
shape:
8.94950589284121e-14,1.07370412218232e-14
1.07370412218232e-14,6.27977785608211e-14
infeasible
VIOLATED CONSTRAINTS: 1
wt:
1.00000000000000e+00
1.00000000000000e+00
STEP #: 192
Ellipse:
center:
4.99999994461114e+00
9.99999985372286e-01
shape:
6.68479505782268e-14,-2.38966391572985e-14
-2.38966391572985e-14,6.04635933858781e-14
infeasible
VIOLATED CONSTRAINTS: 1
wt:
0.00000000000000e+00
-1.00000000000000e+00
STEP #: 193
Ellipse:
center:
4.99999991217951e+00
1.00000006557624e+00
shape:
8.67531529827726e-14,-1.08410698783552e-14
-1.08410698783552e-14,2.65800481010113e-14
feasible
VIOLATED CONSTRAINTS: 0
optimality gap: 1.20609e-07
w=
  -1.0000
   0.5000

H=
   8.6753e-14  -1.0841e-14
  -1.0841e-14   2.6580e-14

Criterion value: 0.00059803; while eps/ERR_F =1e-05
wt:
-1.00000000000000e+00
5.00000000000000e-01
STEP #: 194
Ellipse:
center:
5.00000000736336e+00
1.00000004078543e+00
shape:
4.43506003228685e-14,5.04845177258449e-15
5.04845177258449e-15,3.16855144448789e-14
infeasible
VIOLATED CONSTRAINTS: 1
wt:
1.00000000000000e+00
1.00000000000000e+00
STEP #: 195
Ellipse:
center:
4.99999995113018e+00
9.99999999573799e-01
shape:
3.53843727549771e-14,-1.26112591045635e-14
-1.26112591045635e-14,2.90808448579286e-14
feasible
VIOLATED CONSTRAINTS: 0
optimality gap: 4.86567e-08
w=
  -1.0000
   0.5000

H=
   3.5384e-14  -1.2611e-14
  -1.2611e-14   2.9081e-14

Criterion value: 0.000511981; while eps/ERR_F =1e-05
wt:
-1.00000000000000e+00
5.00000000000000e-01
STEP #: 196
Ellipse:
center:
5.00000001011439e+00
9.99999960912315e-01
shape:
1.98050548650576e-14,1.51433911938419e-15
1.51433911938419e-15,2.78116449959380e-14
infeasible
VIOLATED CONSTRAINTS: 1
wt:
0.00000000000000e+00
-1.00000000000000e+00
STEP #: 197
Ellipse:
center:
5.00000001296893e+00
1.00000001653297e+00
shape:
2.71467596806856e-14,4.01841383098193e-16
4.01841383098193e-16,1.27457474197213e-14
infeasible
VIOLATED CONSTRAINTS: 1
wt:
1.00000000000000e+00
1.00000000000000e+00
STEP #: 198
Ellipse:
center:
4.99999996734435e+00
9.99999994496070e-01
shape:
1.91670861753906e-14,-7.75394145446095e-15
-7.75394145446095e-15,1.45134609344991e-14
feasible
VIOLATED CONSTRAINTS: 0
optimality gap: 2.99037e-08
w=
  -1.0000
   0.5000

H=
   1.9167e-14  -7.7539e-15
  -7.7539e-15   1.4513e-14

Criterion value: 0.000442051; while eps/ERR_F =1e-05
wt:
-1.00000000000000e+00
5.00000000000000e-01
STEP #: 199
Ellipse:
center:
5.00000001252230e+00
9.99999967633341e-01
shape:
1.08333550261209e-14,-2.12493705035191e-17
-2.12493705035191e-17,1.26910784248063e-14
infeasible
VIOLATED CONSTRAINTS: 1
wt:
0.00000000000000e+00
-1.00000000000000e+00
STEP #: 200
Ellipse:
center:
5.00000001205757e+00
1.00000000516550e+00
shape:
1.48585294004409e-14,-7.22401534341342e-16
-7.22401534341342e-16,5.86922392458010e-15
infeasible
VIOLATED CONSTRAINTS: 1
wt:
1.00000000000000e+00
1.00000000000000e+00
STEP #: 201
Ellipse:
center:
4.99999997757042e+00
9.99999991829101e-01
shape:
9.63388794094987e-15,-4.29850553968235e-15
-4.29850553968235e-15,7.59126202968855e-15
feasible
VIOLATED CONSTRAINTS: 0
optimality gap: 1.83441e-08
w=
  -1.0000
   0.5000

H=
   9.6339e-15  -4.2985e-15
  -4.2985e-15   7.5913e-15

Criterion value: 0.000374896; while eps/ERR_F =1e-05
wt:
-1.00000000000000e+00
5.00000000000000e-01
STEP #: 202
Ellipse:
center:
5.00000001066480e+00
9.99999973099353e-01
shape:
5.61976130806620e-15,-1.77890574113926e-16
-1.77890574113926e-16,6.13776246822802e-15
infeasible
VIOLATED CONSTRAINTS: 1
wt:
0.00000000000000e+00
-1.00000000000000e+00
STEP #: 203
Ellipse:
center:
5.00000000963455e+00
9.99999999091574e-01
shape:
7.68528094415772e-15,-7.55054003235748e-16
-7.55054003235748e-16,2.90139980010055e-15
feasible
VIOLATED CONSTRAINTS: 0
optimality gap: -1.00888e-08
w=
  -1.0000
   0.5000

H=
   7.6853e-15  -7.5505e-16
  -7.5505e-16   2.9014e-15

Criterion value: 0.000321957; while eps/ERR_F =1e-05
wt:
-1.00000000000000e+00
5.00000000000000e-01
STEP #: 204
Ellipse:
center:
5.00000003785598e+00
9.99999993686776e-01
shape:
4.35479245387206e-15,1.03533955514108e-15
1.03533955514108e-15,3.39202331329618e-15
infeasible
VIOLATED CONSTRAINTS: 1
wt:
1.00000000000000e+00
1.00000000000000e+00
STEP #: 205
Ellipse:
center:
5.00000002028475e+00
9.99999977990971e-01
shape:
3.01159471379315e-15,-7.64233372202932e-16
-7.64233372202932e-16,3.06208590190456e-15
infeasible
VIOLATED CONSTRAINTS: 1
wt:
0.00000000000000e+00
-1.00000000000000e+00
STEP #: 206
Ellipse:
center:
5.00000001562574e+00
9.99999995966666e-01
shape:
4.11582084905983e-15,-5.31789268379483e-16
-5.31789268379483e-16,1.39192982839249e-15
infeasible
VIOLATED CONSTRAINTS: 1
wt:
1.00000000000000e+00
1.00000000000000e+00
STEP #: 207
Ellipse:
center:
4.99999999723536e+00
9.99999991222996e-01
shape:
2.59184903516558e-15,-1.32923060130334e-15
-1.32923060130334e-15,2.00655139534968e-15
feasible
VIOLATED CONSTRAINTS: 0
optimality gap: -1.00888e-08
w=
  -1.0000
   0.5000

H=
   2.5918e-15  -1.3292e-15
  -1.3292e-15   2.0066e-15

Criterion value: 0.000272584; while eps/ERR_F =1e-05
wt:
-1.00000000000000e+00
5.00000000000000e-01
STEP #: 208
Ellipse:
center:
5.00000001475404e+00
9.99999981253723e-01
shape:
1.46447459985012e-15,-2.05206270868831e-16
-2.05206270868831e-16,1.50713372648897e-15
infeasible
VIOLATED CONSTRAINTS: 1
wt:
0.00000000000000e+00
-1.00000000000000e+00
STEP #: 209
Ellipse:
center:
5.00000001297921e+00
9.99999993930372e-01
shape:
2.02454761036190e-15,-2.70180662941183e-16
-2.70180662941183e-16,7.10319629706602e-16
feasible
VIOLATED CONSTRAINTS: 0
optimality gap: -1.6014e-08
w=
  -1.0000
   0.5000

H=
   2.0245e-15  -2.7018e-16
  -2.7018e-16   7.1032e-16

Criterion value: 0.000232243; while eps/ERR_F =1e-05
wt:
-1.00000000000000e+00
5.00000000000000e-01
STEP #: 210
Ellipse:
center:
5.00000002760564e+00
9.99999991000273e-01
shape:
1.12397817270631e-15,1.99450253291098e-16
1.99450253291098e-16,8.01146798728666e-16
infeasible
VIOLATED CONSTRAINTS: 1
wt:
1.00000000000000e+00
1.00000000000000e+00
STEP #: 211
Ellipse:
center:
5.00000001864891e+00
9.99999983705201e-01
shape:
7.79005813221714e-16,-2.35010256078693e-16
-2.35010256078693e-16,7.67518517411984e-16
infeasible
VIOLATED CONSTRAINTS: 1
wt:
0.00000000000000e+00
-1.00000000000000e+00
STEP #: 212
Ellipse:
center:
5.00000001580695e+00
9.99999992634251e-01
shape:
1.05653066604060e-15,-1.52574174238045e-16
-1.52574174238045e-16,3.45883922664710e-16
feasible
VIOLATED CONSTRAINTS: 0
optimality gap: -1.94898e-08
w=
  -1.0000
   0.5000

H=
   1.0565e-15  -1.5257e-16
  -1.5257e-16   3.4588e-16

Criterion value: 0.000198905; while eps/ERR_F =1e-05
wt:
-1.00000000000000e+00
5.00000000000000e-01
STEP #: 213
Ellipse:
center:
5.00000002637731e+00
9.99999990106903e-01
shape:
5.59502535598554e-16,7.08584602545928e-17
7.08584602545928e-17,3.94553909270529e-16
infeasible
VIOLATED CONSTRAINTS: 1
wt:
1.00000000000000e+00
1.00000000000000e+00
STEP #: 214
Ellipse:
center:
5.00000002005752e+00
9.99999985336340e-01
shape:
4.17154246156798e-16,-1.46620680673072e-16
-1.46620680673072e-16,3.77603093822979e-16
infeasible
VIOLATED CONSTRAINTS: 1
wt:
0.00000000000000e+00
-1.00000000000000e+00
STEP #: 215
Ellipse:
center:
5.00000001754078e+00
9.99999991677857e-01
shape:
5.42687420758562e-16,-6.67551017465790e-17
-6.67551017465790e-17,1.66243900002413e-16
feasible
VIOLATED CONSTRAINTS: 0
optimality gap: -2.17019e-08
w=
  -1.0000
   0.5000

H=
   5.4269e-16  -6.6755e-17
  -6.6755e-17   1.6624e-16

Criterion value: 0.0001681; while eps/ERR_F =1e-05
wt:
-1.00000000000000e+00
5.00000000000000e-01
STEP #: 216
Ellipse:
center:
5.00000002506879e+00
9.99999989732718e-01
shape:
2.77552893689330e-16,3.23419954693498e-17
3.23419954693498e-17,1.98591590066918e-16
infeasible
VIOLATED CONSTRAINTS: 2
wt:
0.00000000000000e+00
-1.00000000000000e+00
STEP #: 217
Ellipse:
center:
5.00000002578765e+00
9.99999994411034e-01
shape:
3.79507030530377e-16,1.55564124587139e-17
1.55564124587139e-17,9.04747769848262e-17
infeasible
VIOLATED CONSTRAINTS: 1
wt:
1.00000000000000e+00
1.00000000000000e+00
STEP #: 218
Ellipse:
center:
5.00000001990755e+00
9.99999992854483e-01
shape:
2.28706230908479e-16,-6.48202144863722e-17
-6.48202144863722e-17,1.12362654603418e-16
infeasible
VIOLATED CONSTRAINTS: 1
wt:
1.00000000000000e+00
1.00000000000000e+00
STEP #: 219
Ellipse:
center:
5.00000001592624e+00
9.99999991800568e-01
shape:
1.63223429079027e-16,-1.16291278863176e-16
-1.16291278863176e-16,1.65890853054569e-16
feasible
VIOLATED CONSTRAINTS: 0
optimality gap: -2.17019e-08
w=
  -1.0000
   0.5000

H=
   1.6322e-16  -1.1629e-16
  -1.1629e-16   1.6589e-16

Criterion value: 0.000141443; while eps/ERR_F =1e-05
wt:
-1.00000000000000e+00
5.00000000000000e-01
STEP #: 220
Ellipse:
center:
5.00000002046033e+00
9.99999988562371e-01
shape:
8.81790289067139e-17,-3.16703931456722e-17
-3.16703931456722e-17,1.08287176282297e-16
infeasible
VIOLATED CONSTRAINTS: 1
wt:
0.00000000000000e+00
-1.00000000000000e+00
STEP #: 221
Ellipse:
center:
5.00000001934134e+00
9.99999991861670e-01
shape:
1.20702525933300e-16,-2.38304610452172e-17
-2.38304610452172e-17,4.93442644759113e-17
infeasible
VIOLATED CONSTRAINTS: 1
wt:
1.00000000000000e+00
1.00000000000000e+00
STEP #: 222
Ellipse:
center:
5.00000001624058e+00
9.99999991024273e-01
shape:
7.61783653913126e-17,-4.61588403907541e-17
-4.61588403907541e-17,7.25647431181977e-17
feasible
VIOLATED CONSTRAINTS: 0
optimality gap: -2.17019e-08
w=
  -1.0000
   0.5000

H=
   7.6178e-17  -4.6159e-17
  -4.6159e-17   7.2565e-17

Criterion value: 0.000115084; while eps/ERR_F =1e-05
wt:
-1.00000000000000e+00
5.00000000000000e-01
STEP #: 223
Ellipse:
center:
5.00000001935087e+00
9.99999989103531e-01
shape:
4.42555828615474e-17,-8.52612602562409e-18
-8.52612602562409e-18,5.00426838763800e-17
infeasible
VIOLATED CONSTRAINTS: 1
wt:
0.00000000000000e+00
-1.00000000000000e+00
STEP #: 224
Ellipse:
center:
5.00000001891196e+00
9.99999991377822e-01
shape:
6.14564893123309e-17,-1.10501982489423e-17
-1.10501982489423e-17,2.39622464672043e-17
infeasible
VIOLATED CONSTRAINTS: 1
wt:
1.00000000000000e+00
1.00000000000000e+00
STEP #: 225
Ellipse:
center:
5.00000001663699e+00
9.99999990724360e-01
shape:
3.59732161973568e-17,-2.04301566930289e-17
-2.04301566930289e-17,3.52737089333613e-17
feasible
VIOLATED CONSTRAINTS: 0
optimality gap: -2.17019e-08
w=
  -1.0000
   0.5000

H=
   3.5973e-17  -2.0430e-17
  -2.0430e-17   3.5274e-17

Criterion value: 9.48067e-05; while eps/ERR_F =1e-05
wt:
-1.00000000000000e+00
5.00000000000000e-01
STEP #: 226
Ellipse:
center:
5.00000001880673e+00
9.99999989493757e-01
shape:
2.23298258515905e-17,-2.45251397778415e-18
-2.45251397778415e-18,2.43128783190648e-17
infeasible
VIOLATED CONSTRAINTS: 1
wt:
0.00000000000000e+00
-1.00000000000000e+00
STEP #: 227
Ellipse:
center:
5.00000001862412e+00
9.99999991093218e-01
shape:
3.05107440044785e-17,-5.94252697552810e-18
-5.94252697552810e-18,1.22522359735573e-17
feasible
VIOLATED CONSTRAINTS: 0
optimality gap: -2.30775e-08
w=
  -1.0000
   0.5000

H=
   3.0511e-17  -5.9425e-18
  -5.9425e-18   1.2252e-17

Criterion value: 8.1842e-05; while eps/ERR_F =1e-05
wt:
-1.00000000000000e+00
5.00000000000000e-01
STEP #: 228
Ellipse:
center:
5.00000002044560e+00
9.99999990733321e-01
shape:
1.82229994324768e-17,2.80102121967158e-18
2.80102121967158e-18,1.21428597343184e-17
infeasible
VIOLATED CONSTRAINTS: 1
wt:
1.00000000000000e+00
1.00000000000000e+00
STEP #: 229
Ellipse:
center:
5.00000001932600e+00
9.99999989801637e-01
shape:
1.14546720729008e-17,-3.47322886856330e-18
-3.47322886856330e-18,1.28012962685849e-17
infeasible
VIOLATED CONSTRAINTS: 1
wt:
0.00000000000000e+00
-1.00000000000000e+00
STEP #: 230
Ellipse:
center:
5.00000001898465e+00
9.99999990923775e-01
shape:
1.59583594176655e-17,-3.41863295793852e-18
-3.41863295793852e-18,6.04919238441936e-18
feasible
VIOLATED CONSTRAINTS: 0
optimality gap: -2.35228e-08
w=
  -1.0000
   0.5000

H=
   1.5958e-17  -3.4186e-18
  -3.4186e-18   6.0492e-18

Criterion value: 7.04277e-05; while eps/ERR_F =1e-05
wt:
-1.00000000000000e+00
5.00000000000000e-01
STEP #: 231
Ellipse:
center:
5.00000002030689e+00
9.99999990609926e-01
shape:
8.99159196378485e-18,8.81015550676796e-19
8.81015550676796e-19,6.03602916099944e-18
infeasible
VIOLATED CONSTRAINTS: 1
wt:
1.00000000000000e+00
1.00000000000000e+00
STEP #: 232
Ellipse:
center:
5.00000001951504e+00
9.99999990006173e-01
shape:
6.07316689417998e-18,-2.28343948415114e-18
-2.28343948415114e-18,6.41255549729352e-18
feasible
VIOLATED CONSTRAINTS: 0
optimality gap: -2.4512e-08
w=
  -1.0000
   0.5000

H=
   6.0732e-18  -2.2834e-18
  -2.2834e-18   6.4126e-18

Criterion value: 5.93668e-05; while eps/ERR_F =1e-05
wt:
-1.00000000000000e+00
5.00000000000000e-01
STEP #: 233
Ellipse:
center:
5.00000002032992e+00
9.99999989482433e-01
shape:
4.05637563101233e-18,7.24941465182507e-19
7.24941465182507e-19,5.37248087314697e-18
infeasible
VIOLATED CONSTRAINTS: 1
wt:
0.00000000000000e+00
-1.00000000000000e+00
STEP #: 234
Ellipse:
center:
5.00000002039513e+00
9.99999990269666e-01
shape:
5.24818008521902e-18,-2.84595954256060e-19
-2.84595954256060e-19,2.57044272925409e-18
infeasible
VIOLATED CONSTRAINTS: 1
wt:
1.00000000000000e+00
1.00000000000000e+00
STEP #: 235
Ellipse:
center:
5.00000001975963e+00
9.99999989948188e-01
shape:
3.23270671324619e-18,-1.52529112045114e-18
-1.52529112045114e-18,3.33499901237894e-18
infeasible
VIOLATED CONSTRAINTS: 1
wt:
0.00000000000000e+00
-1.00000000000000e+00
STEP #: 236
Ellipse:
center:
5.00000001947482e+00
9.99999990492237e-01
shape:
4.41063586329199e-18,-1.15344223781056e-18
-1.15344223781056e-18,1.51023274103795e-18
feasible
VIOLATED CONSTRAINTS: 0
optimality gap: -2.4512e-08
w=
  -1.0000
   0.5000

H=
   4.4106e-18  -1.1534e-18
  -1.1534e-18   1.5102e-18

Criterion value: 5.1536e-05; while eps/ERR_F =1e-05
wt:
-1.00000000000000e+00
5.00000000000000e-01
STEP #: 237
Ellipse:
center:
5.00000002017906e+00
9.99999990316862e-01
shape:
2.39109205779817e-18,1.26788085346706e-20
1.26788085346706e-20,1.40570768362414e-18
infeasible
VIOLATED CONSTRAINTS: 1
wt:
1.00000000000000e+00
1.00000000000000e+00
STEP #: 238
Ellipse:
center:
5.00000001976453e+00
9.99999990058376e-01
shape:
1.61126070948570e-18,-7.24797598757973e-19
-7.24797598757973e-19,1.64124569560634e-18
feasible
VIOLATED CONSTRAINTS: 0
optimality gap: -2.47353e-08
w=
  -1.0000
   0.5000

H=
   1.6113e-18  -7.2480e-19
  -7.2480e-19   1.6412e-18

Criterion value: 4.30269e-05; while eps/ERR_F =1e-05
wt:
-1.00000000000000e+00
5.00000000000000e-01
STEP #: 239
Ellipse:
center:
5.00000002019392e+00
9.99999989784392e-01
shape:
1.02919264660499e-18,7.09721683615655e-20
7.09721683615655e-20,1.30312933844563e-18
infeasible
VIOLATED CONSTRAINTS: 1
wt:
0.00000000000000e+00
-1.00000000000000e+00
STEP #: 240
Ellipse:
center:
5.00000002019953e+00
9.99999990167248e-01
shape:
1.37142582741532e-18,-1.29212004098334e-19
-1.29212004098334e-19,6.26455547757242e-19
infeasible
VIOLATED CONSTRAINTS: 1
wt:
1.00000000000000e+00
1.00000000000000e+00
STEP #: 241
Ellipse:
center:
5.00000001987037e+00
9.99999990023172e-01
shape:
8.35186045577954e-19,-4.19971123766701e-19
-4.19971123766701e-19,8.47165561953736e-19
feasible
VIOLATED CONSTRAINTS: 0
optimality gap: -2.48588e-08
w=
  -1.0000
   0.5000

H=
   8.3519e-19  -4.1997e-19
  -4.1997e-19   8.4717e-19

Criterion value: 3.67149e-05; while eps/ERR_F =1e-05
wt:
-1.00000000000000e+00
5.00000000000000e-01
STEP #: 242
Ellipse:
center:
5.00000002019305e+00
9.99999989834221e-01
shape:
5.41561666999403e-19,-7.97283416160148e-22
-7.97283416160148e-22,6.18403869016308e-19
infeasible
VIOLATED CONSTRAINTS: 2
wt:
0.00000000000000e+00
-1.00000000000000e+00
STEP #: 243
Ellipse:
center:
5.00000002018524e+00
9.99999990095362e-01
shape:
7.21613923406280e-19,-1.13502178549573e-19
-1.13502178549573e-19,3.10472769831786e-19
infeasible
VIOLATED CONSTRAINTS: 1
wt:
1.00000000000000e+00
1.00000000000000e+00
STEP #: 244
Ellipse:
center:
5.00000001993968e+00
9.99999990005062e-01
shape:
4.08756223702470e-19,-2.21542651899993e-19
-2.21542651899993e-19,4.45786859506489e-19
feasible
VIOLATED CONSTRAINTS: 0
optimality gap: -2.49371e-08
w=
  -1.0000
   0.5000

H=
   4.0876e-19  -2.2154e-19
  -2.2154e-19   4.4579e-19

Criterion value: 3.08757e-05; while eps/ERR_F =1e-05
wt:
-1.00000000000000e+00
5.00000000000000e-01
STEP #: 245
Ellipse:
center:
5.00000002017390e+00
9.99999989873750e-01
shape:
2.76386201567396e-19,-7.26456445832396e-21
-7.26456445832396e-21,3.03910095693291e-19
infeasible
VIOLATED CONSTRAINTS: 2
wt:
0.00000000000000e+00
-1.00000000000000e+00
STEP #: 246
Ellipse:
center:
5.00000002016548e+00
9.99999990055528e-01
shape:
3.63773498008281e-19,-7.52648658273242e-20
-7.52648658273242e-20,1.61067046569745e-19
infeasible
VIOLATED CONSTRAINTS: 1
wt:
1.00000000000000e+00
1.00000000000000e+00
STEP #: 247
Ellipse:
center:
5.00000001998747e+00
9.99999989994971e-01
shape:
1.94609109269969e-19,-1.11608606239764e-19
-1.11608606239764e-19,2.35484300249692e-19
infeasible
VIOLATED CONSTRAINTS: 1
wt:
0.00000000000000e+00
-1.00000000000000e+00
STEP #: 248
Ellipse:
center:
5.00000001990540e+00
9.99999990127151e-01
shape:
2.76693387141086e-19,-1.03907641903537e-19
-1.03907641903537e-19,1.15063761138752e-19
infeasible
VIOLATED CONSTRAINTS: 1
wt:
1.00000000000000e+00
1.00000000000000e+00
STEP #: 249
Ellipse:
center:
5.00000001973871e+00
9.99999990110582e-01
shape:
1.36887391823870e-19,-1.00276767896423e-19
-1.00276767896423e-19,1.70371136613817e-19
feasible
VIOLATED CONSTRAINTS: 0
optimality gap: -2.49371e-08
w=
  -1.0000
   0.5000

H=
   1.3689e-19  -1.0028e-19
  -1.0028e-19   1.7037e-19

Criterion value: 2.41517e-05; while eps/ERR_F =1e-05
wt:
-1.00000000000000e+00
5.00000000000000e-01
STEP #: 250
Ellipse:
center:
5.00000001988778e+00
9.99999990032206e-01
shape:
8.91891399635301e-20,-2.22648744341427e-20
-2.22648744341427e-20,9.93413838413633e-20
feasible
VIOLATED CONSTRAINTS: 0
optimality gap: -2.49371e-08
w=
  -1.0000
   0.5000

H=
   8.9189e-20  -2.2265e-20
  -2.2265e-20   9.9341e-20

Criterion value: 1.98733e-05; while eps/ERR_F =1e-05
wt:
-1.00000000000000e+00
5.00000000000000e-01
STEP #: 251
Ellipse:
center:
5.00000001998871e+00
9.99999989979140e-01
shape:
7.76978127701557e-20,2.23315222210699e-20
2.23315222210699e-20,7.42947282633031e-20
infeasible
VIOLATED CONSTRAINTS: 1
wt:
0.00000000000000e+00
-1.00000000000000e+00
STEP #: 252
Ellipse:
center:
5.00000002000783e+00
9.99999990079303e-01
shape:
8.11895774965010e-20,-9.39504703460979e-21
-9.39504703460979e-21,4.20430729077307e-20
infeasible
VIOLATED CONSTRAINTS: 1
wt:
1.00000000000000e+00
1.00000000000000e+00
STEP #: 253
Ellipse:
center:
5.00000001992760e+00
9.99999990035233e-01
shape:
4.16403201597313e-20,-1.86591138205403e-20
-1.86591138205403e-20,5.87103755618991e-20
feasible
VIOLATED CONSTRAINTS: 0
optimality gap: -2.49371e-08
w=
  -1.0000
   0.5000

H=
   4.1640e-20  -1.8659e-20
  -1.8659e-20   5.8710e-20

Criterion value: 1.71525e-05; while eps/ERR_F =1e-05
wt:
-1.00000000000000e+00
5.00000000000000e-01
STEP #: 254
Ellipse:
center:
5.00000002000470e+00
9.99999989991677e-01
shape:
3.62455515113049e-20,4.66907111242467e-21
4.66907111242467e-21,3.70719467295034e-20
infeasible
VIOLATED CONSTRAINTS: 1
wt:
0.00000000000000e+00
-1.00000000000000e+00
STEP #: 255
Ellipse:
center:
5.00000002000889e+00
9.99999990058844e-01
shape:
4.05196748112256e-20,-9.80726700897365e-21
-9.80726700897365e-21,2.29430498236017e-20
infeasible
VIOLATED CONSTRAINTS: 1
wt:
1.00000000000000e+00
1.00000000000000e+00
STEP #: 256
Ellipse:
center:
5.00000001994909e+00
9.99999990033144e-01
shape:
1.97231298394017e-20,-1.08416161896932e-20
-1.08416161896932e-20,3.26035647799520e-20
feasible
VIOLATED CONSTRAINTS: 0
optimality gap: -2.49371e-08
w=
  -1.0000
   0.5000

H=
   1.9723e-20  -1.0842e-20
  -1.0842e-20   3.2604e-20

Criterion value: 1.4489e-05; while eps/ERR_F =1e-05
wt:
-1.00000000000000e+00
5.00000000000000e-01
STEP #: 257
Ellipse:
center:
5.00000002000630e+00
9.99999990001052e-01
shape:
1.76554775993354e-20,8.04882365616014e-22
8.04882365616014e-22,1.88033130407039e-20
infeasible
VIOLATED CONSTRAINTS: 1
wt:
1.00000000000000e+00
1.00000000000000e+00
STEP #: 258
Ellipse:
center:
5.00000001997628e+00
9.99999989967587e-01
shape:
9.27787554037302e-21,-3.93671268531665e-21
-3.93671268531665e-21,2.41871972057680e-20
infeasible
VIOLATED CONSTRAINTS: 1
wt:
0.00000000000000e+00
-1.00000000000000e+00
STEP #: 259
Ellipse:
center:
5.00000001995488e+00
9.99999990011282e-01
shape:
1.35248125957477e-20,-6.60420932918929e-21
-6.60420932918929e-21,1.29638432007894e-20
feasible
VIOLATED CONSTRAINTS: 0
optimality gap: -2.49492e-08
w=
  -1.0000
   0.5000

H=
   1.3525e-20  -6.6042e-21
  -6.6042e-21   1.2964e-20

Criterion value: 1.27177e-05; while eps/ERR_F =1e-05
wt:
-1.00000000000000e+00
5.00000000000000e-01
STEP #: 260
Ellipse:
center:
5.00000001999867e+00
9.99999989994655e-01
shape:
1.00878515097105e-20,-1.89818020960820e-23
-1.89818020960820e-23,8.23261825635069e-21
infeasible
VIOLATED CONSTRAINTS: 1
wt:
0.00000000000000e+00
-1.00000000000000e+00
STEP #: 261
Ellipse:
center:
5.00000002000120e+00
9.99999990025483e-01
shape:
1.18443418608341e-20,-3.50368420455196e-21
-3.50368420455196e-21,5.45735712160357e-21
infeasible
VIOLATED CONSTRAINTS: 1
wt:
1.00000000000000e+00
1.00000000000000e+00
STEP #: 262
Ellipse:
center:
5.00000001996711e+00
9.99999990014926e-01
shape:
5.57633110387050e-21,-3.15565788601634e-21
-3.15565788601634e-21,7.70639364182288e-21
feasible
VIOLATED CONSTRAINTS: 0
optimality gap: -2.49596e-08
w=
  -1.0000
   0.5000

H=
   5.5763e-21  -3.1557e-21
  -3.1557e-21   7.7064e-21

Criterion value: 1.04548e-05; while eps/ERR_F =1e-05
wt:
-1.00000000000000e+00
5.00000000000000e-01
STEP #: 263
Ellipse:
center:
5.00000001999719e+00
9.99999990000695e-01
shape:
4.65438812138901e-21,-4.18539845219071e-23
-4.18539845219071e-23,4.47278447733215e-21
feasible
VIOLATED CONSTRAINTS: 0
optimality gap: -2.49968e-08
w=
  -1.0000
   0.5000

H=
   4.6544e-21  -4.1854e-23
  -4.1854e-23   4.4728e-21

Criterion value: 8.60273e-06; while eps/ERR_F =1e-05
Running time [seconds, Wall Clock]: 0.02
Optimal objective (known): -4.50
Optimal objective (found): -4.500
Optimal point (found):
   5.0000
   1.0000
Objective value error: 0.000
SOLUTION CHECK: OK
